mode: set
github.com/PRASSamin/prasmoid/main.go:8.13,10.2 1 0
github.com/PRASSamin/prasmoid/cmd/build.go:23.13,26.2 2 0
github.com/PRASSamin/prasmoid/cmd/build.go:33.47,34.41 1 0
github.com/PRASSamin/prasmoid/cmd/build.go:34.41,36.4 1 0
github.com/PRASSamin/prasmoid/cmd/build.go:40.28,41.30 1 0
github.com/PRASSamin/prasmoid/cmd/build.go:41.30,43.3 1 0
github.com/PRASSamin/prasmoid/cmd/build.go:46.2,47.53 2 0
github.com/PRASSamin/prasmoid/cmd/build.go:47.53,51.3 2 0
github.com/PRASSamin/prasmoid/cmd/build.go:51.8,53.3 1 0
github.com/PRASSamin/prasmoid/cmd/build.go:55.2,58.32 4 0
github.com/PRASSamin/prasmoid/cmd/build.go:58.32,60.3 1 0
github.com/PRASSamin/prasmoid/cmd/build.go:61.2,63.53 2 0
github.com/PRASSamin/prasmoid/cmd/build.go:63.53,65.3 1 0
github.com/PRASSamin/prasmoid/cmd/build.go:66.2,66.58 1 0
github.com/PRASSamin/prasmoid/cmd/build.go:66.58,68.3 1 0
github.com/PRASSamin/prasmoid/cmd/build.go:70.2,71.16 2 0
github.com/PRASSamin/prasmoid/cmd/build.go:71.16,73.3 1 0
github.com/PRASSamin/prasmoid/cmd/build.go:74.2,74.15 1 0
github.com/PRASSamin/prasmoid/cmd/build.go:74.15,75.41 1 0
github.com/PRASSamin/prasmoid/cmd/build.go:75.41,77.4 1 0
github.com/PRASSamin/prasmoid/cmd/build.go:80.2,81.15 2 0
github.com/PRASSamin/prasmoid/cmd/build.go:81.15,82.43 1 0
github.com/PRASSamin/prasmoid/cmd/build.go:82.43,84.4 1 0
github.com/PRASSamin/prasmoid/cmd/build.go:88.2,88.65 1 0
github.com/PRASSamin/prasmoid/cmd/build.go:88.65,90.3 1 0
github.com/PRASSamin/prasmoid/cmd/build.go:93.2,93.59 1 0
github.com/PRASSamin/prasmoid/cmd/build.go:93.59,95.3 1 0
github.com/PRASSamin/prasmoid/cmd/build.go:97.2,98.12 2 0
github.com/PRASSamin/prasmoid/cmd/build.go:101.65,103.16 2 0
github.com/PRASSamin/prasmoid/cmd/build.go:103.16,105.3 1 0
github.com/PRASSamin/prasmoid/cmd/build.go:106.2,106.15 1 0
github.com/PRASSamin/prasmoid/cmd/build.go:106.15,107.38 1 0
github.com/PRASSamin/prasmoid/cmd/build.go:107.38,109.4 1 0
github.com/PRASSamin/prasmoid/cmd/build.go:112.2,113.16 2 0
github.com/PRASSamin/prasmoid/cmd/build.go:113.16,115.3 1 0
github.com/PRASSamin/prasmoid/cmd/build.go:116.2,117.12 2 0
github.com/PRASSamin/prasmoid/cmd/build.go:120.63,121.85 1 0
github.com/PRASSamin/prasmoid/cmd/build.go:121.85,122.17 1 0
github.com/PRASSamin/prasmoid/cmd/build.go:122.17,124.4 1 0
github.com/PRASSamin/prasmoid/cmd/build.go:126.3,127.36 2 0
github.com/PRASSamin/prasmoid/cmd/build.go:127.36,129.4 1 0
github.com/PRASSamin/prasmoid/cmd/build.go:131.3,131.19 1 0
github.com/PRASSamin/prasmoid/cmd/build.go:131.19,133.4 1 0
github.com/PRASSamin/prasmoid/cmd/build.go:135.3,136.17 2 0
github.com/PRASSamin/prasmoid/cmd/build.go:136.17,138.4 1 0
github.com/PRASSamin/prasmoid/cmd/build.go:139.3,139.16 1 0
github.com/PRASSamin/prasmoid/cmd/build.go:139.16,140.39 1 0
github.com/PRASSamin/prasmoid/cmd/build.go:140.39,142.5 1 0
github.com/PRASSamin/prasmoid/cmd/build.go:145.3,146.17 2 0
github.com/PRASSamin/prasmoid/cmd/build.go:146.17,148.4 1 0
github.com/PRASSamin/prasmoid/cmd/build.go:150.3,151.13 2 0
github.com/PRASSamin/prasmoid/cmd/changeset.go:17.13,19.2 1 0
github.com/PRASSamin/prasmoid/cmd/changesetAdd.go:32.13,36.2 3 0
github.com/PRASSamin/prasmoid/cmd/changesetAdd.go:41.47,48.64 6 0
github.com/PRASSamin/prasmoid/cmd/changesetAdd.go:48.64,49.78 1 0
github.com/PRASSamin/prasmoid/cmd/changesetAdd.go:49.78,51.5 1 0
github.com/PRASSamin/prasmoid/cmd/changesetAdd.go:51.10,54.5 2 0
github.com/PRASSamin/prasmoid/cmd/changesetAdd.go:57.3,60.24 2 0
github.com/PRASSamin/prasmoid/cmd/changesetAdd.go:60.24,68.18 3 0
github.com/PRASSamin/prasmoid/cmd/changesetAdd.go:68.18,71.5 2 0
github.com/PRASSamin/prasmoid/cmd/changesetAdd.go:74.4,75.19 2 0
github.com/PRASSamin/prasmoid/cmd/changesetAdd.go:79.3,79.17 1 0
github.com/PRASSamin/prasmoid/cmd/changesetAdd.go:79.17,82.18 3 0
github.com/PRASSamin/prasmoid/cmd/changesetAdd.go:82.18,85.5 2 0
github.com/PRASSamin/prasmoid/cmd/changesetAdd.go:89.3,89.20 1 0
github.com/PRASSamin/prasmoid/cmd/changesetAdd.go:89.20,92.54 3 0
github.com/PRASSamin/prasmoid/cmd/changesetAdd.go:92.54,99.19 3 0
github.com/PRASSamin/prasmoid/cmd/changesetAdd.go:99.19,102.6 2 0
github.com/PRASSamin/prasmoid/cmd/changesetAdd.go:107.3,107.39 1 0
github.com/PRASSamin/prasmoid/cmd/changesetAdd.go:107.39,110.4 2 0
github.com/PRASSamin/prasmoid/cmd/changesetAdd.go:113.3,113.58 1 0
github.com/PRASSamin/prasmoid/cmd/changesetAdd.go:113.58,116.4 2 0
github.com/PRASSamin/prasmoid/cmd/changesetAdd.go:119.3,135.71 6 0
github.com/PRASSamin/prasmoid/cmd/changesetAdd.go:135.71,138.4 2 0
github.com/PRASSamin/prasmoid/cmd/changesetAdd.go:140.3,145.74 3 0
github.com/PRASSamin/prasmoid/cmd/changesetAdd.go:145.74,147.4 1 0
github.com/PRASSamin/prasmoid/cmd/changesetAdd.go:148.3,148.19 1 0
github.com/PRASSamin/prasmoid/cmd/changesetAdd.go:148.19,150.4 1 0
github.com/PRASSamin/prasmoid/cmd/changesetAdd.go:154.66,156.28 2 0
github.com/PRASSamin/prasmoid/cmd/changesetAdd.go:156.28,158.3 1 0
github.com/PRASSamin/prasmoid/cmd/changesetAdd.go:160.2,163.47 4 0
github.com/PRASSamin/prasmoid/cmd/changesetAdd.go:163.47,165.3 1 0
github.com/PRASSamin/prasmoid/cmd/changesetAdd.go:167.2,167.14 1 0
github.com/PRASSamin/prasmoid/cmd/changesetAdd.go:168.15,169.10 1 0
github.com/PRASSamin/prasmoid/cmd/changesetAdd.go:170.15,172.12 2 0
github.com/PRASSamin/prasmoid/cmd/changesetAdd.go:173.15,176.12 3 0
github.com/PRASSamin/prasmoid/cmd/changesetAdd.go:177.10,178.92 1 0
github.com/PRASSamin/prasmoid/cmd/changesetAdd.go:181.2,181.58 1 0
github.com/PRASSamin/prasmoid/cmd/changesetAdd.go:184.35,186.18 2 0
github.com/PRASSamin/prasmoid/cmd/changesetAdd.go:186.18,188.3 1 0
github.com/PRASSamin/prasmoid/cmd/changesetAdd.go:190.2,191.16 2 0
github.com/PRASSamin/prasmoid/cmd/changesetAdd.go:191.16,193.3 1 0
github.com/PRASSamin/prasmoid/cmd/changesetAdd.go:194.2,194.15 1 0
github.com/PRASSamin/prasmoid/cmd/changesetAdd.go:194.15,195.51 1 0
github.com/PRASSamin/prasmoid/cmd/changesetAdd.go:195.51,197.4 1 0
github.com/PRASSamin/prasmoid/cmd/changesetAdd.go:200.2,203.16 1 0
github.com/PRASSamin/prasmoid/cmd/changesetAdd.go:203.16,205.3 1 0
github.com/PRASSamin/prasmoid/cmd/changesetAdd.go:206.2,206.40 1 0
github.com/PRASSamin/prasmoid/cmd/changesetAdd.go:206.40,208.3 1 0
github.com/PRASSamin/prasmoid/cmd/changesetAdd.go:210.2,215.34 5 0
github.com/PRASSamin/prasmoid/cmd/changesetAdd.go:215.34,217.3 1 0
github.com/PRASSamin/prasmoid/cmd/changesetAdd.go:219.2,220.16 2 0
github.com/PRASSamin/prasmoid/cmd/changesetAdd.go:220.16,222.3 1 0
github.com/PRASSamin/prasmoid/cmd/changesetAdd.go:224.2,226.29 3 0
github.com/PRASSamin/prasmoid/cmd/changesetAdd.go:226.29,227.69 1 0
github.com/PRASSamin/prasmoid/cmd/changesetAdd.go:227.69,229.4 1 0
github.com/PRASSamin/prasmoid/cmd/changesetAdd.go:232.2,232.41 1 0
github.com/PRASSamin/prasmoid/cmd/changesetApply.go:19.13,21.2 1 0
github.com/PRASSamin/prasmoid/cmd/changesetApply.go:35.47,37.3 1 0
github.com/PRASSamin/prasmoid/cmd/changesetApply.go:40.21,42.88 2 0
github.com/PRASSamin/prasmoid/cmd/changesetApply.go:42.88,43.17 1 0
github.com/PRASSamin/prasmoid/cmd/changesetApply.go:43.17,45.4 1 0
github.com/PRASSamin/prasmoid/cmd/changesetApply.go:46.3,46.19 1 0
github.com/PRASSamin/prasmoid/cmd/changesetApply.go:46.19,48.4 1 0
github.com/PRASSamin/prasmoid/cmd/changesetApply.go:49.3,49.35 1 0
github.com/PRASSamin/prasmoid/cmd/changesetApply.go:49.35,51.4 1 0
github.com/PRASSamin/prasmoid/cmd/changesetApply.go:52.3,52.13 1 0
github.com/PRASSamin/prasmoid/cmd/changesetApply.go:54.2,54.16 1 0
github.com/PRASSamin/prasmoid/cmd/changesetApply.go:54.16,57.3 2 0
github.com/PRASSamin/prasmoid/cmd/changesetApply.go:59.2,59.30 1 0
github.com/PRASSamin/prasmoid/cmd/changesetApply.go:59.30,63.3 3 0
github.com/PRASSamin/prasmoid/cmd/changesetApply.go:65.2,65.38 1 0
github.com/PRASSamin/prasmoid/cmd/changesetApply.go:65.38,67.17 2 0
github.com/PRASSamin/prasmoid/cmd/changesetApply.go:67.17,69.12 2 0
github.com/PRASSamin/prasmoid/cmd/changesetApply.go:72.3,73.17 2 0
github.com/PRASSamin/prasmoid/cmd/changesetApply.go:73.17,75.12 2 0
github.com/PRASSamin/prasmoid/cmd/changesetApply.go:78.3,78.68 1 0
github.com/PRASSamin/prasmoid/cmd/changesetApply.go:78.68,80.12 2 0
github.com/PRASSamin/prasmoid/cmd/changesetApply.go:83.3,83.69 1 0
github.com/PRASSamin/prasmoid/cmd/changesetApply.go:83.69,85.12 2 0
github.com/PRASSamin/prasmoid/cmd/changesetApply.go:88.3,88.41 1 0
github.com/PRASSamin/prasmoid/cmd/changesetApply.go:88.41,90.12 2 0
github.com/PRASSamin/prasmoid/cmd/changesetApply.go:94.2,94.53 1 0
github.com/PRASSamin/prasmoid/cmd/changesetApply.go:97.62,100.16 3 0
github.com/PRASSamin/prasmoid/cmd/changesetApply.go:100.16,102.3 1 0
github.com/PRASSamin/prasmoid/cmd/changesetApply.go:104.2,104.32 1 0
github.com/PRASSamin/prasmoid/cmd/changesetApply.go:107.56,113.58 3 0
github.com/PRASSamin/prasmoid/cmd/changesetApply.go:113.58,116.3 2 0
github.com/PRASSamin/prasmoid/cmd/changesetApply.go:119.2,120.16 2 0
github.com/PRASSamin/prasmoid/cmd/changesetApply.go:120.16,122.3 1 0
github.com/PRASSamin/prasmoid/cmd/changesetApply.go:124.2,127.48 2 0
github.com/PRASSamin/prasmoid/cmd/changesetApply.go:127.48,129.3 1 0
github.com/PRASSamin/prasmoid/cmd/changesetApply.go:132.2,135.20 4 0
github.com/PRASSamin/prasmoid/cmd/changesetApply.go:135.20,137.3 1 0
github.com/PRASSamin/prasmoid/cmd/changesetApply.go:140.2,143.75 2 0
github.com/PRASSamin/prasmoid/cmd/changesetApply.go:143.75,145.3 1 0
github.com/PRASSamin/prasmoid/cmd/changesetApply.go:147.2,147.12 1 0
github.com/PRASSamin/prasmoid/cmd/commands.go:16.13,18.2 1 0
github.com/PRASSamin/prasmoid/cmd/commandsAdd.go:26.13,29.2 2 0
github.com/PRASSamin/prasmoid/cmd/commandsAdd.go:35.47,39.84 2 0
github.com/PRASSamin/prasmoid/cmd/commandsAdd.go:39.84,43.103 2 0
github.com/PRASSamin/prasmoid/cmd/commandsAdd.go:43.103,45.19 2 0
github.com/PRASSamin/prasmoid/cmd/commandsAdd.go:45.19,47.6 1 0
github.com/PRASSamin/prasmoid/cmd/commandsAdd.go:49.5,49.39 1 0
github.com/PRASSamin/prasmoid/cmd/commandsAdd.go:49.39,51.6 1 0
github.com/PRASSamin/prasmoid/cmd/commandsAdd.go:53.5,54.56 2 0
github.com/PRASSamin/prasmoid/cmd/commandsAdd.go:54.56,56.6 1 0
github.com/PRASSamin/prasmoid/cmd/commandsAdd.go:57.5,57.15 1 0
github.com/PRASSamin/prasmoid/cmd/commandsAdd.go:58.20,60.5 1 0
github.com/PRASSamin/prasmoid/cmd/commandsAdd.go:63.3,65.67 2 0
github.com/PRASSamin/prasmoid/cmd/commandsAdd.go:65.67,66.67 1 0
github.com/PRASSamin/prasmoid/cmd/commandsAdd.go:66.67,69.5 2 0
github.com/PRASSamin/prasmoid/cmd/commandsAdd.go:72.3,77.17 4 0
github.com/PRASSamin/prasmoid/cmd/commandsAdd.go:77.17,80.4 2 0
github.com/PRASSamin/prasmoid/cmd/commandsAdd.go:81.3,81.16 1 0
github.com/PRASSamin/prasmoid/cmd/commandsAdd.go:81.16,82.39 1 0
github.com/PRASSamin/prasmoid/cmd/commandsAdd.go:82.39,84.5 1 0
github.com/PRASSamin/prasmoid/cmd/commandsAdd.go:88.3,96.17 6 0
github.com/PRASSamin/prasmoid/cmd/commandsAdd.go:96.17,99.4 2 0
github.com/PRASSamin/prasmoid/cmd/commandsAdd.go:101.3,104.17 3 0
github.com/PRASSamin/prasmoid/cmd/commandsAdd.go:104.17,107.4 2 0
github.com/PRASSamin/prasmoid/cmd/commandsAdd.go:109.3,109.96 1 0
github.com/PRASSamin/prasmoid/cmd/commandsRemove.go:20.13,23.2 2 0
github.com/PRASSamin/prasmoid/cmd/commandsRemove.go:29.47,31.103 2 0
github.com/PRASSamin/prasmoid/cmd/commandsRemove.go:31.103,32.20 1 0
github.com/PRASSamin/prasmoid/cmd/commandsRemove.go:32.20,34.5 1 0
github.com/PRASSamin/prasmoid/cmd/commandsRemove.go:35.4,36.14 2 0
github.com/PRASSamin/prasmoid/cmd/commandsRemove.go:37.18,40.4 2 0
github.com/PRASSamin/prasmoid/cmd/commandsRemove.go:43.3,43.45 1 0
github.com/PRASSamin/prasmoid/cmd/commandsRemove.go:43.45,49.71 2 0
github.com/PRASSamin/prasmoid/cmd/commandsRemove.go:49.71,51.5 1 0
github.com/PRASSamin/prasmoid/cmd/commandsRemove.go:56.3,58.24 3 0
github.com/PRASSamin/prasmoid/cmd/commandsRemove.go:58.24,61.4 2 0
github.com/PRASSamin/prasmoid/cmd/commandsRemove.go:62.3,72.64 5 0
github.com/PRASSamin/prasmoid/cmd/commandsRemove.go:72.64,74.4 1 0
github.com/PRASSamin/prasmoid/cmd/commandsRemove.go:75.3,75.15 1 0
github.com/PRASSamin/prasmoid/cmd/commandsRemove.go:75.15,77.4 1 0
github.com/PRASSamin/prasmoid/cmd/commandsRemove.go:79.3,80.17 2 0
github.com/PRASSamin/prasmoid/cmd/commandsRemove.go:80.17,83.4 2 0
github.com/PRASSamin/prasmoid/cmd/commandsRemove.go:84.3,84.60 1 0
github.com/PRASSamin/prasmoid/cmd/completion.go:10.41,14.48 1 0
github.com/PRASSamin/prasmoid/cmd/completion.go:14.49,16.4 0 0
github.com/PRASSamin/prasmoid/cmd/completion.go:20.13,26.2 3 0
github.com/PRASSamin/prasmoid/cmd/extendcli.go:18.64,22.56 2 0
github.com/PRASSamin/prasmoid/cmd/extendcli.go:22.56,24.3 1 0
github.com/PRASSamin/prasmoid/cmd/extendcli.go:26.2,27.16 2 0
github.com/PRASSamin/prasmoid/cmd/extendcli.go:27.16,30.3 2 0
github.com/PRASSamin/prasmoid/cmd/extendcli.go:33.2,34.29 2 0
github.com/PRASSamin/prasmoid/cmd/extendcli.go:34.29,35.19 1 0
github.com/PRASSamin/prasmoid/cmd/extendcli.go:35.19,36.12 1 0
github.com/PRASSamin/prasmoid/cmd/extendcli.go:38.3,38.68 1 0
github.com/PRASSamin/prasmoid/cmd/extendcli.go:38.68,39.12 1 0
github.com/PRASSamin/prasmoid/cmd/extendcli.go:41.3,41.46 1 0
github.com/PRASSamin/prasmoid/cmd/extendcli.go:45.2,45.37 1 0
github.com/PRASSamin/prasmoid/cmd/extendcli.go:45.37,47.3 1 0
github.com/PRASSamin/prasmoid/cmd/extendcli.go:51.72,52.34 1 0
github.com/PRASSamin/prasmoid/cmd/extendcli.go:52.34,53.39 1 0
github.com/PRASSamin/prasmoid/cmd/extendcli.go:53.39,57.13 3 0
github.com/PRASSamin/prasmoid/cmd/extendcli.go:57.13,59.5 1 0
github.com/PRASSamin/prasmoid/cmd/extendcli.go:60.9,60.30 1 0
github.com/PRASSamin/prasmoid/cmd/extendcli.go:60.30,63.4 1 0
github.com/PRASSamin/prasmoid/cmd/extendcli.go:65.2,65.14 1 0
github.com/PRASSamin/prasmoid/cmd/extendcli.go:73.61,76.16 2 0
github.com/PRASSamin/prasmoid/cmd/extendcli.go:76.16,79.3 2 0
github.com/PRASSamin/prasmoid/cmd/extendcli.go:82.2,85.16 3 0
github.com/PRASSamin/prasmoid/cmd/extendcli.go:85.16,87.3 1 0
github.com/PRASSamin/prasmoid/cmd/extendcli.go:89.2,101.28 8 0
github.com/PRASSamin/prasmoid/cmd/extendcli.go:101.28,104.3 2 0
github.com/PRASSamin/prasmoid/cmd/extendcli.go:106.2,106.37 1 0
github.com/PRASSamin/prasmoid/cmd/extendcli.go:106.37,107.22 1 0
github.com/PRASSamin/prasmoid/cmd/extendcli.go:107.22,110.4 2 0
github.com/PRASSamin/prasmoid/cmd/extendcli.go:111.3,111.22 1 0
github.com/PRASSamin/prasmoid/cmd/extendcli.go:111.22,114.4 2 0
github.com/PRASSamin/prasmoid/cmd/extendcli.go:116.3,116.20 1 0
github.com/PRASSamin/prasmoid/cmd/extendcli.go:117.17,120.28 3 0
github.com/PRASSamin/prasmoid/cmd/extendcli.go:120.28,122.5 1 0
github.com/PRASSamin/prasmoid/cmd/extendcli.go:122.10,124.5 1 0
github.com/PRASSamin/prasmoid/cmd/extendcli.go:125.15,128.28 3 0
github.com/PRASSamin/prasmoid/cmd/extendcli.go:128.28,130.5 1 0
github.com/PRASSamin/prasmoid/cmd/extendcli.go:130.10,132.5 1 0
github.com/PRASSamin/prasmoid/cmd/extendcli.go:133.11,135.10 2 0
github.com/PRASSamin/prasmoid/cmd/extendcli.go:139.2,139.52 1 0
github.com/PRASSamin/prasmoid/cmd/extendcli.go:139.52,144.72 2 0
github.com/PRASSamin/prasmoid/cmd/extendcli.go:144.72,146.4 1 0
github.com/PRASSamin/prasmoid/cmd/extendcli.go:146.18,148.4 1 0
github.com/PRASSamin/prasmoid/cmd/extendcli.go:151.3,154.38 2 0
github.com/PRASSamin/prasmoid/cmd/extendcli.go:154.38,155.58 1 0
github.com/PRASSamin/prasmoid/cmd/extendcli.go:155.58,157.5 1 0
github.com/PRASSamin/prasmoid/cmd/extendcli.go:159.3,159.36 1 0
github.com/PRASSamin/prasmoid/cmd/extendcli.go:159.36,160.58 1 0
github.com/PRASSamin/prasmoid/cmd/extendcli.go:160.58,162.5 1 0
github.com/PRASSamin/prasmoid/cmd/extendcli.go:166.3,166.73 1 0
github.com/PRASSamin/prasmoid/cmd/extendcli.go:166.73,168.45 2 0
github.com/PRASSamin/prasmoid/cmd/extendcli.go:168.45,170.5 1 0
github.com/PRASSamin/prasmoid/cmd/extendcli.go:170.10,170.50 1 0
github.com/PRASSamin/prasmoid/cmd/extendcli.go:170.50,172.5 1 0
github.com/PRASSamin/prasmoid/cmd/extendcli.go:173.4,173.27 1 0
github.com/PRASSamin/prasmoid/cmd/extendcli.go:174.18,176.4 1 0
github.com/PRASSamin/prasmoid/cmd/extendcli.go:179.3,179.73 1 0
github.com/PRASSamin/prasmoid/cmd/extendcli.go:179.73,181.4 1 0
github.com/PRASSamin/prasmoid/cmd/extendcli.go:181.18,183.4 1 0
github.com/PRASSamin/prasmoid/cmd/extendcli.go:186.3,187.17 2 0
github.com/PRASSamin/prasmoid/cmd/extendcli.go:187.17,189.4 1 0
github.com/PRASSamin/prasmoid/cmd/extendcli.go:190.3,190.27 1 0
github.com/PRASSamin/prasmoid/cmd/extendcli.go:193.2,194.25 2 0
github.com/PRASSamin/prasmoid/cmd/format.go:26.13,30.2 3 0
github.com/PRASSamin/prasmoid/cmd/format.go:37.47,38.31 1 0
github.com/PRASSamin/prasmoid/cmd/format.go:38.31,41.4 2 0
github.com/PRASSamin/prasmoid/cmd/format.go:42.3,42.71 1 0
github.com/PRASSamin/prasmoid/cmd/format.go:42.71,49.65 4 0
github.com/PRASSamin/prasmoid/cmd/format.go:49.65,51.5 1 0
github.com/PRASSamin/prasmoid/cmd/format.go:53.4,53.15 1 0
github.com/PRASSamin/prasmoid/cmd/format.go:53.15,54.54 1 0
github.com/PRASSamin/prasmoid/cmd/format.go:54.54,57.6 2 0
github.com/PRASSamin/prasmoid/cmd/format.go:58.5,58.53 1 0
github.com/PRASSamin/prasmoid/cmd/format.go:59.10,62.5 2 0
github.com/PRASSamin/prasmoid/cmd/format.go:65.3,67.12 3 0
github.com/PRASSamin/prasmoid/cmd/format.go:67.12,69.4 1 0
github.com/PRASSamin/prasmoid/cmd/format.go:69.9,71.4 1 0
github.com/PRASSamin/prasmoid/cmd/format.go:75.35,77.16 2 0
github.com/PRASSamin/prasmoid/cmd/format.go:77.16,80.3 2 0
github.com/PRASSamin/prasmoid/cmd/format.go:81.2,81.15 1 0
github.com/PRASSamin/prasmoid/cmd/format.go:81.15,82.41 1 0
github.com/PRASSamin/prasmoid/cmd/format.go:82.41,84.4 1 0
github.com/PRASSamin/prasmoid/cmd/format.go:87.2,92.12 5 0
github.com/PRASSamin/prasmoid/cmd/format.go:92.12,93.7 1 0
github.com/PRASSamin/prasmoid/cmd/format.go:93.7,94.11 1 0
github.com/PRASSamin/prasmoid/cmd/format.go:95.39,96.12 1 0
github.com/PRASSamin/prasmoid/cmd/format.go:96.12,98.6 1 0
github.com/PRASSamin/prasmoid/cmd/format.go:100.5,101.70 2 0
github.com/PRASSamin/prasmoid/cmd/format.go:101.70,102.14 1 0
github.com/PRASSamin/prasmoid/cmd/format.go:106.5,106.33 1 0
github.com/PRASSamin/prasmoid/cmd/format.go:106.33,107.14 1 0
github.com/PRASSamin/prasmoid/cmd/format.go:111.5,114.54 2 0
github.com/PRASSamin/prasmoid/cmd/format.go:114.54,116.6 1 0
github.com/PRASSamin/prasmoid/cmd/format.go:119.5,119.68 1 0
github.com/PRASSamin/prasmoid/cmd/format.go:119.68,121.38 2 0
github.com/PRASSamin/prasmoid/cmd/format.go:121.38,124.7 2 0
github.com/PRASSamin/prasmoid/cmd/format.go:124.12,126.7 1 0
github.com/PRASSamin/prasmoid/cmd/format.go:128.6,128.38 1 0
github.com/PRASSamin/prasmoid/cmd/format.go:130.37,131.12 1 0
github.com/PRASSamin/prasmoid/cmd/format.go:131.12,133.6 1 0
github.com/PRASSamin/prasmoid/cmd/format.go:134.5,135.11 2 0
github.com/PRASSamin/prasmoid/cmd/format.go:141.2,141.78 1 0
github.com/PRASSamin/prasmoid/cmd/format.go:141.78,142.17 1 0
github.com/PRASSamin/prasmoid/cmd/format.go:142.17,144.4 1 0
github.com/PRASSamin/prasmoid/cmd/format.go:145.3,145.19 1 0
github.com/PRASSamin/prasmoid/cmd/format.go:145.19,147.4 1 0
github.com/PRASSamin/prasmoid/cmd/format.go:148.3,148.13 1 0
github.com/PRASSamin/prasmoid/cmd/format.go:150.2,150.16 1 0
github.com/PRASSamin/prasmoid/cmd/format.go:150.16,153.3 2 0
github.com/PRASSamin/prasmoid/cmd/format.go:155.2,156.8 2 0
github.com/PRASSamin/prasmoid/cmd/format.go:159.28,162.85 2 0
github.com/PRASSamin/prasmoid/cmd/format.go:162.85,163.17 1 0
github.com/PRASSamin/prasmoid/cmd/format.go:163.17,165.4 1 0
github.com/PRASSamin/prasmoid/cmd/format.go:166.3,166.19 1 0
github.com/PRASSamin/prasmoid/cmd/format.go:166.19,168.4 1 0
github.com/PRASSamin/prasmoid/cmd/format.go:169.3,169.22 1 0
github.com/PRASSamin/prasmoid/cmd/format.go:169.22,171.4 1 0
github.com/PRASSamin/prasmoid/cmd/format.go:172.3,172.13 1 0
github.com/PRASSamin/prasmoid/cmd/format.go:173.17,176.3 2 0
github.com/PRASSamin/prasmoid/cmd/format.go:178.2,179.48 2 0
github.com/PRASSamin/prasmoid/cmd/format.go:182.29,187.40 5 0
github.com/PRASSamin/prasmoid/cmd/format.go:187.40,189.3 1 0
github.com/PRASSamin/prasmoid/cmd/format.go:192.38,194.2 1 0
github.com/PRASSamin/prasmoid/cmd/i18n.go:17.13,19.2 1 0
github.com/PRASSamin/prasmoid/cmd/i18nCompile.go:24.13,29.2 3 0
github.com/PRASSamin/prasmoid/cmd/i18nCompile.go:34.47,35.31 1 0
github.com/PRASSamin/prasmoid/cmd/i18nCompile.go:35.31,38.4 2 0
github.com/PRASSamin/prasmoid/cmd/i18nCompile.go:40.3,40.42 1 0
github.com/PRASSamin/prasmoid/cmd/i18nCompile.go:40.42,43.4 2 0
github.com/PRASSamin/prasmoid/cmd/i18nCompile.go:45.3,45.14 1 0
github.com/PRASSamin/prasmoid/cmd/i18nCompile.go:45.14,47.4 1 0
github.com/PRASSamin/prasmoid/cmd/i18nCompile.go:49.3,49.55 1 0
github.com/PRASSamin/prasmoid/cmd/i18nCompile.go:49.55,52.4 2 0
github.com/PRASSamin/prasmoid/cmd/i18nCompile.go:54.3,54.14 1 0
github.com/PRASSamin/prasmoid/cmd/i18nCompile.go:54.14,56.4 1 0
github.com/PRASSamin/prasmoid/cmd/i18nCompile.go:58.3,58.60 1 0
github.com/PRASSamin/prasmoid/cmd/i18nCompile.go:58.60,60.47 2 0
github.com/PRASSamin/prasmoid/cmd/i18nCompile.go:60.47,62.5 1 0
github.com/PRASSamin/prasmoid/cmd/i18nCompile.go:67.58,72.16 4 0
github.com/PRASSamin/prasmoid/cmd/i18nCompile.go:72.16,74.3 1 0
github.com/PRASSamin/prasmoid/cmd/i18nCompile.go:75.2,78.16 3 0
github.com/PRASSamin/prasmoid/cmd/i18nCompile.go:78.16,80.3 1 0
github.com/PRASSamin/prasmoid/cmd/i18nCompile.go:82.2,82.23 1 0
github.com/PRASSamin/prasmoid/cmd/i18nCompile.go:82.23,85.3 2 0
github.com/PRASSamin/prasmoid/cmd/i18nCompile.go:88.2,89.42 2 0
github.com/PRASSamin/prasmoid/cmd/i18nCompile.go:89.42,91.3 1 0
github.com/PRASSamin/prasmoid/cmd/i18nCompile.go:93.2,95.33 2 0
github.com/PRASSamin/prasmoid/cmd/i18nCompile.go:95.33,98.28 2 0
github.com/PRASSamin/prasmoid/cmd/i18nCompile.go:98.28,100.12 2 0
github.com/PRASSamin/prasmoid/cmd/i18nCompile.go:104.3,107.14 3 0
github.com/PRASSamin/prasmoid/cmd/i18nCompile.go:107.14,109.4 1 0
github.com/PRASSamin/prasmoid/cmd/i18nCompile.go:112.3,112.55 1 0
github.com/PRASSamin/prasmoid/cmd/i18nCompile.go:112.55,114.4 1 0
github.com/PRASSamin/prasmoid/cmd/i18nCompile.go:117.3,118.41 2 0
github.com/PRASSamin/prasmoid/cmd/i18nCompile.go:118.41,120.4 1 0
github.com/PRASSamin/prasmoid/cmd/i18nCompile.go:122.3,122.18 1 0
github.com/PRASSamin/prasmoid/cmd/i18nCompile.go:125.2,125.24 1 0
github.com/PRASSamin/prasmoid/cmd/i18nCompile.go:125.24,127.3 1 0
github.com/PRASSamin/prasmoid/cmd/i18nCompile.go:129.2,129.12 1 0
github.com/PRASSamin/prasmoid/cmd/i18nCompile.go:132.33,133.69 1 0
github.com/PRASSamin/prasmoid/cmd/i18nCompile.go:133.69,135.3 1 0
github.com/PRASSamin/prasmoid/cmd/i18nCompile.go:137.2,138.46 2 0
github.com/PRASSamin/prasmoid/cmd/i18nCompile.go:138.46,140.3 1 0
github.com/PRASSamin/prasmoid/cmd/i18nCompile.go:142.2,142.49 1 0
github.com/PRASSamin/prasmoid/cmd/i18nExtract.go:27.13,30.2 2 0
github.com/PRASSamin/prasmoid/cmd/i18nExtract.go:35.47,36.31 1 0
github.com/PRASSamin/prasmoid/cmd/i18nExtract.go:36.31,39.4 2 0
github.com/PRASSamin/prasmoid/cmd/i18nExtract.go:41.3,41.69 1 0
github.com/PRASSamin/prasmoid/cmd/i18nExtract.go:41.69,48.65 4 0
github.com/PRASSamin/prasmoid/cmd/i18nExtract.go:48.65,50.5 1 0
github.com/PRASSamin/prasmoid/cmd/i18nExtract.go:52.4,52.15 1 0
github.com/PRASSamin/prasmoid/cmd/i18nExtract.go:52.15,53.116 1 0
github.com/PRASSamin/prasmoid/cmd/i18nExtract.go:53.116,56.6 2 0
github.com/PRASSamin/prasmoid/cmd/i18nExtract.go:57.10,60.5 2 0
github.com/PRASSamin/prasmoid/cmd/i18nExtract.go:63.3,70.54 4 0
github.com/PRASSamin/prasmoid/cmd/i18nExtract.go:70.54,73.4 2 0
github.com/PRASSamin/prasmoid/cmd/i18nExtract.go:75.3,79.15 3 0
github.com/PRASSamin/prasmoid/cmd/i18nExtract.go:79.15,80.59 1 0
github.com/PRASSamin/prasmoid/cmd/i18nExtract.go:80.59,83.5 2 0
github.com/PRASSamin/prasmoid/cmd/i18nExtract.go:88.42,89.37 1 0
github.com/PRASSamin/prasmoid/cmd/i18nExtract.go:89.37,92.3 2 0
github.com/PRASSamin/prasmoid/cmd/i18nExtract.go:94.2,96.45 2 0
github.com/PRASSamin/prasmoid/cmd/i18nExtract.go:96.45,99.52 2 0
github.com/PRASSamin/prasmoid/cmd/i18nExtract.go:99.52,103.42 3 0
github.com/PRASSamin/prasmoid/cmd/i18nExtract.go:103.42,105.5 1 0
github.com/PRASSamin/prasmoid/cmd/i18nExtract.go:107.4,109.43 3 0
github.com/PRASSamin/prasmoid/cmd/i18nExtract.go:110.9,114.42 3 0
github.com/PRASSamin/prasmoid/cmd/i18nExtract.go:114.42,116.5 1 0
github.com/PRASSamin/prasmoid/cmd/i18nExtract.go:120.2,120.34 1 0
github.com/PRASSamin/prasmoid/cmd/i18nExtract.go:123.45,126.16 3 0
github.com/PRASSamin/prasmoid/cmd/i18nExtract.go:126.16,128.3 1 0
github.com/PRASSamin/prasmoid/cmd/i18nExtract.go:130.2,130.35 1 0
github.com/PRASSamin/prasmoid/cmd/i18nExtract.go:130.35,131.63 1 0
github.com/PRASSamin/prasmoid/cmd/i18nExtract.go:131.63,134.4 1 0
github.com/PRASSamin/prasmoid/cmd/i18nExtract.go:136.2,136.12 1 0
github.com/PRASSamin/prasmoid/cmd/i18nExtract.go:139.38,142.16 3 0
github.com/PRASSamin/prasmoid/cmd/i18nExtract.go:142.16,144.3 1 0
github.com/PRASSamin/prasmoid/cmd/i18nExtract.go:146.2,148.16 3 0
github.com/PRASSamin/prasmoid/cmd/i18nExtract.go:148.16,150.3 1 0
github.com/PRASSamin/prasmoid/cmd/i18nExtract.go:152.2,154.16 3 0
github.com/PRASSamin/prasmoid/cmd/i18nExtract.go:154.16,156.3 1 0
github.com/PRASSamin/prasmoid/cmd/i18nExtract.go:158.2,165.80 5 0
github.com/PRASSamin/prasmoid/cmd/i18nExtract.go:165.80,166.17 1 0
github.com/PRASSamin/prasmoid/cmd/i18nExtract.go:166.17,168.4 1 0
github.com/PRASSamin/prasmoid/cmd/i18nExtract.go:169.3,169.79 1 0
github.com/PRASSamin/prasmoid/cmd/i18nExtract.go:169.79,171.4 1 0
github.com/PRASSamin/prasmoid/cmd/i18nExtract.go:172.3,172.91 1 0
github.com/PRASSamin/prasmoid/cmd/i18nExtract.go:172.91,174.4 1 0
github.com/PRASSamin/prasmoid/cmd/i18nExtract.go:175.3,175.13 1 0
github.com/PRASSamin/prasmoid/cmd/i18nExtract.go:177.2,177.16 1 0
github.com/PRASSamin/prasmoid/cmd/i18nExtract.go:177.16,179.3 1 0
github.com/PRASSamin/prasmoid/cmd/i18nExtract.go:181.2,181.24 1 0
github.com/PRASSamin/prasmoid/cmd/i18nExtract.go:181.24,184.3 2 0
github.com/PRASSamin/prasmoid/cmd/i18nExtract.go:187.2,205.51 3 0
github.com/PRASSamin/prasmoid/cmd/i18nExtract.go:205.51,207.3 1 0
github.com/PRASSamin/prasmoid/cmd/i18nExtract.go:209.2,209.55 1 0
github.com/PRASSamin/prasmoid/cmd/i18nExtract.go:209.55,211.3 1 0
github.com/PRASSamin/prasmoid/cmd/i18nExtract.go:214.2,217.49 2 0
github.com/PRASSamin/prasmoid/cmd/i18nExtract.go:220.72,222.16 2 0
github.com/PRASSamin/prasmoid/cmd/i18nExtract.go:222.16,224.3 1 0
github.com/PRASSamin/prasmoid/cmd/i18nExtract.go:226.2,231.20 2 0
github.com/PRASSamin/prasmoid/cmd/i18nExtract.go:231.20,232.75 1 0
github.com/PRASSamin/prasmoid/cmd/i18nExtract.go:232.75,233.69 1 0
github.com/PRASSamin/prasmoid/cmd/i18nExtract.go:233.69,234.62 1 0
github.com/PRASSamin/prasmoid/cmd/i18nExtract.go:234.62,235.36 1 0
github.com/PRASSamin/prasmoid/cmd/i18nExtract.go:235.36,237.7 1 0
github.com/PRASSamin/prasmoid/cmd/i18nExtract.go:239.5,239.61 1 0
github.com/PRASSamin/prasmoid/cmd/i18nExtract.go:239.61,240.36 1 0
github.com/PRASSamin/prasmoid/cmd/i18nExtract.go:240.36,242.7 1 0
github.com/PRASSamin/prasmoid/cmd/i18nExtract.go:249.2,257.57 5 0
github.com/PRASSamin/prasmoid/cmd/i18nExtract.go:257.57,259.3 1 0
github.com/PRASSamin/prasmoid/cmd/i18nExtract.go:262.57,264.52 1 0
github.com/PRASSamin/prasmoid/cmd/i18nExtract.go:264.52,266.3 1 0
github.com/PRASSamin/prasmoid/cmd/i18nExtract.go:269.2,273.35 3 0
github.com/PRASSamin/prasmoid/cmd/i18nExtract.go:273.35,276.3 2 0
github.com/PRASSamin/prasmoid/cmd/i18nExtract.go:276.8,279.3 2 0
github.com/PRASSamin/prasmoid/cmd/i18nExtract.go:282.38,286.16 4 0
github.com/PRASSamin/prasmoid/cmd/i18nExtract.go:286.16,288.3 1 0
github.com/PRASSamin/prasmoid/cmd/i18nExtract.go:289.2,289.12 1 0
github.com/PRASSamin/prasmoid/cmd/i18nLocales.go:10.13,13.2 2 0
github.com/PRASSamin/prasmoid/cmd/i18nLocalesEdit.go:16.13,19.2 1 0
github.com/PRASSamin/prasmoid/cmd/i18nLocalesEdit.go:24.47,25.31 1 0
github.com/PRASSamin/prasmoid/cmd/i18nLocalesEdit.go:25.31,28.4 2 0
github.com/PRASSamin/prasmoid/cmd/i18nLocalesEdit.go:30.3,34.21 3 0
github.com/PRASSamin/prasmoid/cmd/i18nLocalesEdit.go:34.21,40.54 4 0
github.com/PRASSamin/prasmoid/cmd/i18nLocalesEdit.go:40.54,43.5 2 0
github.com/PRASSamin/prasmoid/cmd/init.go:72.13,75.2 2 0
github.com/PRASSamin/prasmoid/cmd/init.go:80.47,84.47 3 0
github.com/PRASSamin/prasmoid/cmd/init.go:84.47,87.4 2 0
github.com/PRASSamin/prasmoid/cmd/init.go:89.3,92.40 3 0
github.com/PRASSamin/prasmoid/cmd/init.go:92.40,96.4 2 0
github.com/PRASSamin/prasmoid/cmd/init.go:98.3,98.21 1 0
github.com/PRASSamin/prasmoid/cmd/init.go:98.21,99.46 1 0
github.com/PRASSamin/prasmoid/cmd/init.go:99.46,101.5 1 0
github.com/PRASSamin/prasmoid/cmd/init.go:101.10,103.5 1 0
github.com/PRASSamin/prasmoid/cmd/init.go:106.3,109.19 4 0
github.com/PRASSamin/prasmoid/cmd/init.go:113.34,144.83 4 0
github.com/PRASSamin/prasmoid/cmd/init.go:144.83,145.108 1 0
github.com/PRASSamin/prasmoid/cmd/init.go:145.108,147.4 1 0
github.com/PRASSamin/prasmoid/cmd/init.go:151.2,151.48 1 0
github.com/PRASSamin/prasmoid/cmd/init.go:151.48,153.3 1 0
github.com/PRASSamin/prasmoid/cmd/init.go:155.2,155.29 1 0
github.com/PRASSamin/prasmoid/cmd/init.go:155.29,159.81 2 0
github.com/PRASSamin/prasmoid/cmd/init.go:159.81,161.4 1 0
github.com/PRASSamin/prasmoid/cmd/init.go:165.2,165.24 1 0
github.com/PRASSamin/prasmoid/cmd/init.go:165.24,167.3 1 0
github.com/PRASSamin/prasmoid/cmd/init.go:167.8,169.3 1 0
github.com/PRASSamin/prasmoid/cmd/init.go:170.2,177.62 3 0
github.com/PRASSamin/prasmoid/cmd/init.go:177.62,179.3 1 0
github.com/PRASSamin/prasmoid/cmd/init.go:181.2,184.37 2 0
github.com/PRASSamin/prasmoid/cmd/init.go:184.37,189.69 2 0
github.com/PRASSamin/prasmoid/cmd/init.go:189.69,191.4 1 0
github.com/PRASSamin/prasmoid/cmd/init.go:194.2,194.12 1 0
github.com/PRASSamin/prasmoid/cmd/init.go:197.49,199.17 2 0
github.com/PRASSamin/prasmoid/cmd/init.go:199.17,201.17 2 0
github.com/PRASSamin/prasmoid/cmd/init.go:201.17,203.4 1 0
github.com/PRASSamin/prasmoid/cmd/init.go:204.3,204.21 1 0
github.com/PRASSamin/prasmoid/cmd/init.go:204.21,206.4 1 0
github.com/PRASSamin/prasmoid/cmd/init.go:207.3,207.13 1 0
github.com/PRASSamin/prasmoid/cmd/init.go:210.2,211.36 2 0
github.com/PRASSamin/prasmoid/cmd/init.go:211.36,213.3 1 0
github.com/PRASSamin/prasmoid/cmd/init.go:215.2,215.50 1 0
github.com/PRASSamin/prasmoid/cmd/init.go:215.50,217.3 1 0
github.com/PRASSamin/prasmoid/cmd/init.go:218.2,218.12 1 0
github.com/PRASSamin/prasmoid/cmd/init.go:221.27,222.52 1 0
github.com/PRASSamin/prasmoid/cmd/init.go:222.52,224.3 1 0
github.com/PRASSamin/prasmoid/cmd/init.go:227.2,227.46 1 0
github.com/PRASSamin/prasmoid/cmd/init.go:227.46,228.66 1 0
github.com/PRASSamin/prasmoid/cmd/init.go:228.66,230.4 1 0
github.com/PRASSamin/prasmoid/cmd/init.go:234.2,234.45 1 0
github.com/PRASSamin/prasmoid/cmd/init.go:234.45,236.3 1 0
github.com/PRASSamin/prasmoid/cmd/init.go:239.2,239.57 1 0
github.com/PRASSamin/prasmoid/cmd/init.go:239.57,241.3 1 0
github.com/PRASSamin/prasmoid/cmd/init.go:244.2,254.16 6 0
github.com/PRASSamin/prasmoid/cmd/init.go:254.16,256.3 1 0
github.com/PRASSamin/prasmoid/cmd/init.go:259.2,259.74 1 0
github.com/PRASSamin/prasmoid/cmd/init.go:259.74,261.3 1 0
github.com/PRASSamin/prasmoid/cmd/init.go:262.2,262.12 1 0
github.com/PRASSamin/prasmoid/cmd/init.go:265.64,267.66 2 0
github.com/PRASSamin/prasmoid/cmd/init.go:267.66,269.3 1 0
github.com/PRASSamin/prasmoid/cmd/init.go:271.2,272.16 2 0
github.com/PRASSamin/prasmoid/cmd/init.go:272.16,274.3 1 0
github.com/PRASSamin/prasmoid/cmd/init.go:276.2,277.51 2 0
github.com/PRASSamin/prasmoid/cmd/init.go:277.51,279.3 1 0
github.com/PRASSamin/prasmoid/cmd/init.go:281.2,281.50 1 0
github.com/PRASSamin/prasmoid/cmd/init.go:284.47,301.2 5 0
github.com/PRASSamin/prasmoid/cmd/init.go:303.33,306.95 3 0
github.com/PRASSamin/prasmoid/cmd/init.go:306.95,312.41 2 0
github.com/PRASSamin/prasmoid/cmd/init.go:312.41,315.4 2 0
github.com/PRASSamin/prasmoid/cmd/init.go:316.3,316.39 1 0
github.com/PRASSamin/prasmoid/cmd/init.go:320.2,338.40 3 0
github.com/PRASSamin/prasmoid/cmd/init.go:338.40,342.3 3 0
github.com/PRASSamin/prasmoid/cmd/init.go:344.2,345.16 2 0
github.com/PRASSamin/prasmoid/cmd/init.go:345.16,347.3 1 0
github.com/PRASSamin/prasmoid/cmd/init.go:349.2,349.43 1 0
github.com/PRASSamin/prasmoid/cmd/init.go:352.32,356.2 3 0
github.com/PRASSamin/prasmoid/cmd/init.go:358.20,364.2 5 0
github.com/PRASSamin/prasmoid/cmd/init.go:366.23,369.24 3 0
github.com/PRASSamin/prasmoid/cmd/init.go:369.24,371.3 1 0
github.com/PRASSamin/prasmoid/cmd/init.go:372.2,372.49 1 0
github.com/PRASSamin/prasmoid/cmd/init.go:375.18,377.2 1 0
github.com/PRASSamin/prasmoid/cmd/install.go:17.13,19.2 1 0
github.com/PRASSamin/prasmoid/cmd/install.go:26.47,27.31 1 0
github.com/PRASSamin/prasmoid/cmd/install.go:27.31,30.4 2 0
github.com/PRASSamin/prasmoid/cmd/install.go:31.3,31.43 1 0
github.com/PRASSamin/prasmoid/cmd/install.go:31.43,34.4 2 0
github.com/PRASSamin/prasmoid/cmd/install.go:36.3,38.65 3 0
github.com/PRASSamin/prasmoid/cmd/install.go:43.38,45.16 2 0
github.com/PRASSamin/prasmoid/cmd/install.go:45.16,47.3 1 0
github.com/PRASSamin/prasmoid/cmd/install.go:49.2,50.16 2 0
github.com/PRASSamin/prasmoid/cmd/install.go:50.16,52.3 1 0
github.com/PRASSamin/prasmoid/cmd/install.go:54.2,54.32 1 0
github.com/PRASSamin/prasmoid/cmd/install.go:54.32,58.20 3 0
github.com/PRASSamin/prasmoid/cmd/install.go:58.20,60.18 2 0
github.com/PRASSamin/prasmoid/cmd/install.go:60.18,62.5 1 0
github.com/PRASSamin/prasmoid/cmd/install.go:63.9,65.18 2 0
github.com/PRASSamin/prasmoid/cmd/install.go:65.18,67.5 1 0
github.com/PRASSamin/prasmoid/cmd/install.go:69.4,70.18 2 0
github.com/PRASSamin/prasmoid/cmd/install.go:70.18,72.5 1 0
github.com/PRASSamin/prasmoid/cmd/install.go:76.2,76.12 1 0
github.com/PRASSamin/prasmoid/cmd/install.go:79.30,81.16 2 0
github.com/PRASSamin/prasmoid/cmd/install.go:81.16,83.3 1 0
github.com/PRASSamin/prasmoid/cmd/install.go:84.2,84.17 1 0
github.com/PRASSamin/prasmoid/cmd/install.go:84.17,85.45 1 0
github.com/PRASSamin/prasmoid/cmd/install.go:85.45,87.4 1 0
github.com/PRASSamin/prasmoid/cmd/install.go:90.2,90.49 1 0
github.com/PRASSamin/prasmoid/cmd/install.go:90.49,92.3 1 0
github.com/PRASSamin/prasmoid/cmd/install.go:95.2,98.16 4 0
github.com/PRASSamin/prasmoid/cmd/install.go:98.16,100.3 1 0
github.com/PRASSamin/prasmoid/cmd/install.go:101.2,102.16 2 0
github.com/PRASSamin/prasmoid/cmd/install.go:102.16,104.3 1 0
github.com/PRASSamin/prasmoid/cmd/install.go:107.2,110.16 4 0
github.com/PRASSamin/prasmoid/cmd/install.go:110.16,112.3 1 0
github.com/PRASSamin/prasmoid/cmd/install.go:113.2,113.12 1 0
github.com/PRASSamin/prasmoid/cmd/link.go:15.13,18.2 2 0
github.com/PRASSamin/prasmoid/cmd/link.go:25.47,26.31 1 0
github.com/PRASSamin/prasmoid/cmd/link.go:26.31,29.4 2 0
github.com/PRASSamin/prasmoid/cmd/link.go:30.3,31.17 2 0
github.com/PRASSamin/prasmoid/cmd/link.go:31.17,34.4 2 0
github.com/PRASSamin/prasmoid/cmd/link.go:35.3,35.16 1 0
github.com/PRASSamin/prasmoid/cmd/link.go:35.16,38.4 2 0
github.com/PRASSamin/prasmoid/cmd/link.go:39.3,39.44 1 0
github.com/PRASSamin/prasmoid/cmd/link.go:39.44,42.4 2 0
github.com/PRASSamin/prasmoid/cmd/link.go:43.3,43.47 1 0
github.com/PRASSamin/prasmoid/cmd/link.go:47.38,54.16 4 0
github.com/PRASSamin/prasmoid/cmd/link.go:54.16,56.3 1 0
github.com/PRASSamin/prasmoid/cmd/link.go:59.2,59.30 1 0
github.com/PRASSamin/prasmoid/cmd/preview.go:26.13,29.2 2 0
github.com/PRASSamin/prasmoid/cmd/preview.go:40.47,41.31 1 0
github.com/PRASSamin/prasmoid/cmd/preview.go:41.31,44.4 2 0
github.com/PRASSamin/prasmoid/cmd/preview.go:45.3,47.24 2 0
github.com/PRASSamin/prasmoid/cmd/preview.go:47.24,53.65 3 0
github.com/PRASSamin/prasmoid/cmd/preview.go:53.65,55.5 1 0
github.com/PRASSamin/prasmoid/cmd/preview.go:57.4,57.15 1 0
github.com/PRASSamin/prasmoid/cmd/preview.go:57.15,59.19 2 0
github.com/PRASSamin/prasmoid/cmd/preview.go:59.19,62.6 2 0
github.com/PRASSamin/prasmoid/cmd/preview.go:63.5,63.46 1 0
github.com/PRASSamin/prasmoid/cmd/preview.go:63.46,66.6 2 0
github.com/PRASSamin/prasmoid/cmd/preview.go:67.10,70.5 2 0
github.com/PRASSamin/prasmoid/cmd/preview.go:73.3,73.77 1 0
github.com/PRASSamin/prasmoid/cmd/preview.go:73.77,80.65 4 0
github.com/PRASSamin/prasmoid/cmd/preview.go:80.65,82.5 1 0
github.com/PRASSamin/prasmoid/cmd/preview.go:84.4,84.15 1 0
github.com/PRASSamin/prasmoid/cmd/preview.go:84.15,85.132 1 0
github.com/PRASSamin/prasmoid/cmd/preview.go:85.132,88.6 2 0
github.com/PRASSamin/prasmoid/cmd/preview.go:89.10,92.5 2 0
github.com/PRASSamin/prasmoid/cmd/preview.go:95.3,95.48 1 0
github.com/PRASSamin/prasmoid/cmd/preview.go:95.48,98.4 2 0
github.com/PRASSamin/prasmoid/cmd/preview.go:102.40,104.16 2 0
github.com/PRASSamin/prasmoid/cmd/preview.go:104.16,106.3 1 0
github.com/PRASSamin/prasmoid/cmd/preview.go:108.2,114.11 5 0
github.com/PRASSamin/prasmoid/cmd/preview.go:114.11,117.3 2 0
github.com/PRASSamin/prasmoid/cmd/preview.go:119.2,122.29 4 0
github.com/PRASSamin/prasmoid/cmd/preview.go:125.44,127.16 2 0
github.com/PRASSamin/prasmoid/cmd/preview.go:127.16,130.3 2 0
github.com/PRASSamin/prasmoid/cmd/preview.go:131.2,131.15 1 0
github.com/PRASSamin/prasmoid/cmd/preview.go:131.15,132.41 1 0
github.com/PRASSamin/prasmoid/cmd/preview.go:132.41,134.4 1 0
github.com/PRASSamin/prasmoid/cmd/preview.go:137.2,146.12 7 0
github.com/PRASSamin/prasmoid/cmd/preview.go:146.12,148.27 2 0
github.com/PRASSamin/prasmoid/cmd/preview.go:148.27,149.55 1 0
github.com/PRASSamin/prasmoid/cmd/preview.go:149.55,151.5 1 0
github.com/PRASSamin/prasmoid/cmd/preview.go:152.4,152.47 1 0
github.com/PRASSamin/prasmoid/cmd/preview.go:152.47,154.5 1 0
github.com/PRASSamin/prasmoid/cmd/preview.go:156.3,156.14 1 0
github.com/PRASSamin/prasmoid/cmd/preview.go:159.2,163.47 4 0
github.com/PRASSamin/prasmoid/cmd/preview.go:163.47,166.3 2 0
github.com/PRASSamin/prasmoid/cmd/preview.go:167.2,169.12 2 0
github.com/PRASSamin/prasmoid/cmd/preview.go:169.12,170.7 1 0
github.com/PRASSamin/prasmoid/cmd/preview.go:170.7,171.11 1 0
github.com/PRASSamin/prasmoid/cmd/preview.go:172.39,173.12 1 0
github.com/PRASSamin/prasmoid/cmd/preview.go:173.12,175.6 1 0
github.com/PRASSamin/prasmoid/cmd/preview.go:177.5,178.70 2 0
github.com/PRASSamin/prasmoid/cmd/preview.go:178.70,179.14 1 0
github.com/PRASSamin/prasmoid/cmd/preview.go:182.5,182.33 1 0
github.com/PRASSamin/prasmoid/cmd/preview.go:182.33,183.14 1 0
github.com/PRASSamin/prasmoid/cmd/preview.go:186.5,188.54 2 0
github.com/PRASSamin/prasmoid/cmd/preview.go:188.54,190.6 1 0
github.com/PRASSamin/prasmoid/cmd/preview.go:192.5,192.68 1 0
github.com/PRASSamin/prasmoid/cmd/preview.go:192.68,193.30 1 0
github.com/PRASSamin/prasmoid/cmd/preview.go:193.30,194.58 1 0
github.com/PRASSamin/prasmoid/cmd/preview.go:194.58,196.8 1 0
github.com/PRASSamin/prasmoid/cmd/preview.go:197.7,197.50 1 0
github.com/PRASSamin/prasmoid/cmd/preview.go:197.50,199.8 1 0
github.com/PRASSamin/prasmoid/cmd/preview.go:202.6,206.51 4 0
github.com/PRASSamin/prasmoid/cmd/preview.go:206.51,209.7 2 0
github.com/PRASSamin/prasmoid/cmd/preview.go:210.6,212.16 2 0
github.com/PRASSamin/prasmoid/cmd/preview.go:212.16,213.51 1 0
github.com/PRASSamin/prasmoid/cmd/preview.go:213.51,215.8 1 0
github.com/PRASSamin/prasmoid/cmd/preview.go:216.7,216.42 1 0
github.com/PRASSamin/prasmoid/cmd/preview.go:216.42,218.8 1 0
github.com/PRASSamin/prasmoid/cmd/preview.go:221.6,221.38 1 0
github.com/PRASSamin/prasmoid/cmd/preview.go:223.37,224.12 1 0
github.com/PRASSamin/prasmoid/cmd/preview.go:224.12,226.6 1 0
github.com/PRASSamin/prasmoid/cmd/preview.go:227.5,228.11 2 0
github.com/PRASSamin/prasmoid/cmd/preview.go:233.2,233.82 1 0
github.com/PRASSamin/prasmoid/cmd/preview.go:233.82,234.17 1 0
github.com/PRASSamin/prasmoid/cmd/preview.go:234.17,236.4 1 0
github.com/PRASSamin/prasmoid/cmd/preview.go:237.3,237.19 1 0
github.com/PRASSamin/prasmoid/cmd/preview.go:237.19,239.4 1 0
github.com/PRASSamin/prasmoid/cmd/preview.go:240.3,240.13 1 0
github.com/PRASSamin/prasmoid/cmd/preview.go:241.17,244.3 2 0
github.com/PRASSamin/prasmoid/cmd/preview.go:246.2,247.8 2 0
github.com/PRASSamin/prasmoid/cmd/regen.go:7.13,9.2 1 0
github.com/PRASSamin/prasmoid/cmd/regenConfig.go:9.13,11.2 1 0
github.com/PRASSamin/prasmoid/cmd/regenConfig.go:16.47,19.51 2 0
github.com/PRASSamin/prasmoid/cmd/regenConfig.go:19.51,22.4 2 0
github.com/PRASSamin/prasmoid/cmd/regenConfig.go:23.3,23.55 1 0
github.com/PRASSamin/prasmoid/cmd/regenTypes.go:9.13,11.2 1 0
github.com/PRASSamin/prasmoid/cmd/regenTypes.go:16.47,17.86 1 0
github.com/PRASSamin/prasmoid/cmd/regenTypes.go:17.86,20.4 2 0
github.com/PRASSamin/prasmoid/cmd/regenTypes.go:21.3,21.57 1 0
github.com/PRASSamin/prasmoid/cmd/root.go:29.13,36.2 3 0
github.com/PRASSamin/prasmoid/cmd/root.go:43.47,44.34 1 0
github.com/PRASSamin/prasmoid/cmd/root.go:44.34,47.4 2 0
github.com/PRASSamin/prasmoid/cmd/root.go:49.3,49.36 1 0
github.com/PRASSamin/prasmoid/cmd/root.go:49.36,51.4 1 0
github.com/PRASSamin/prasmoid/cmd/root.go:57.16,63.16 4 0
github.com/PRASSamin/prasmoid/cmd/root.go:63.16,65.3 1 0
github.com/PRASSamin/prasmoid/cmd/root.go:70.24,76.16 5 0
github.com/PRASSamin/prasmoid/cmd/root.go:76.16,77.63 1 0
github.com/PRASSamin/prasmoid/cmd/root.go:77.63,79.65 2 0
github.com/PRASSamin/prasmoid/cmd/root.go:79.65,80.58 1 0
github.com/PRASSamin/prasmoid/cmd/root.go:80.58,81.38 1 0
github.com/PRASSamin/prasmoid/cmd/root.go:81.38,83.7 1 0
github.com/PRASSamin/prasmoid/cmd/root.go:85.5,85.11 1 0
github.com/PRASSamin/prasmoid/cmd/root.go:91.2,92.16 2 0
github.com/PRASSamin/prasmoid/cmd/root.go:92.16,94.3 1 0
github.com/PRASSamin/prasmoid/cmd/root.go:95.2,95.15 1 0
github.com/PRASSamin/prasmoid/cmd/root.go:95.15,96.38 1 0
github.com/PRASSamin/prasmoid/cmd/root.go:96.38,98.4 1 0
github.com/PRASSamin/prasmoid/cmd/root.go:102.2,107.16 3 0
github.com/PRASSamin/prasmoid/cmd/root.go:107.16,109.3 1 0
github.com/PRASSamin/prasmoid/cmd/root.go:112.2,113.16 2 0
github.com/PRASSamin/prasmoid/cmd/root.go:113.16,115.3 1 0
github.com/PRASSamin/prasmoid/cmd/root.go:118.2,119.20 2 0
github.com/PRASSamin/prasmoid/cmd/root.go:119.20,121.3 1 0
github.com/PRASSamin/prasmoid/cmd/root.go:122.2,126.42 3 0
github.com/PRASSamin/prasmoid/cmd/root.go:126.42,128.3 1 0
github.com/PRASSamin/prasmoid/cmd/root.go:131.2,133.34 3 0
github.com/PRASSamin/prasmoid/cmd/root.go:133.34,135.3 1 0
github.com/PRASSamin/prasmoid/cmd/root.go:138.39,142.16 3 0
github.com/PRASSamin/prasmoid/cmd/root.go:142.16,144.3 1 0
github.com/PRASSamin/prasmoid/cmd/root.go:146.2,147.9 2 0
github.com/PRASSamin/prasmoid/cmd/root.go:147.9,149.3 1 0
github.com/PRASSamin/prasmoid/cmd/root.go:151.2,151.37 1 0
github.com/PRASSamin/prasmoid/cmd/root.go:159.50,160.32 1 0
github.com/PRASSamin/prasmoid/cmd/root.go:160.32,164.44 4 0
github.com/PRASSamin/prasmoid/cmd/root.go:164.44,166.18 2 0
github.com/PRASSamin/prasmoid/cmd/root.go:166.18,168.5 1 0
github.com/PRASSamin/prasmoid/cmd/root.go:168.10,170.5 1 0
github.com/PRASSamin/prasmoid/cmd/root.go:172.3,172.13 1 0
github.com/PRASSamin/prasmoid/cmd/root.go:175.2,178.25 3 0
github.com/PRASSamin/prasmoid/cmd/root.go:178.25,179.23 1 0
github.com/PRASSamin/prasmoid/cmd/root.go:179.23,181.4 1 0
github.com/PRASSamin/prasmoid/cmd/root.go:182.3,182.23 1 0
github.com/PRASSamin/prasmoid/cmd/root.go:182.23,184.4 1 0
github.com/PRASSamin/prasmoid/cmd/root.go:186.2,186.10 1 0
github.com/PRASSamin/prasmoid/cmd/root.go:189.47,190.21 1 0
github.com/PRASSamin/prasmoid/cmd/root.go:190.21,192.3 1 0
github.com/PRASSamin/prasmoid/cmd/root.go:194.2,195.48 2 0
github.com/PRASSamin/prasmoid/cmd/root.go:198.40,201.16 2 0
github.com/PRASSamin/prasmoid/cmd/root.go:201.16,203.3 1 0
github.com/PRASSamin/prasmoid/cmd/root.go:205.2,209.43 3 0
github.com/PRASSamin/prasmoid/cmd/root.go:209.43,211.3 1 0
github.com/PRASSamin/prasmoid/cmd/root.go:213.2,217.15 5 0
github.com/PRASSamin/prasmoid/cmd/root.go:220.32,222.16 2 0
github.com/PRASSamin/prasmoid/cmd/root.go:222.16,224.3 1 0
github.com/PRASSamin/prasmoid/cmd/root.go:225.2,225.51 1 0
github.com/PRASSamin/prasmoid/cmd/root.go:228.56,231.16 3 0
github.com/PRASSamin/prasmoid/cmd/root.go:231.16,233.3 1 0
github.com/PRASSamin/prasmoid/cmd/root.go:235.2,237.19 3 0
github.com/PRASSamin/prasmoid/cmd/root.go:240.48,251.2 5 0
github.com/PRASSamin/prasmoid/cmd/setup.go:12.13,14.2 1 0
github.com/PRASSamin/prasmoid/cmd/setup.go:21.47,22.53 1 0
github.com/PRASSamin/prasmoid/cmd/setup.go:22.53,25.4 2 0
github.com/PRASSamin/prasmoid/cmd/uninstall.go:16.13,18.2 1 0
github.com/PRASSamin/prasmoid/cmd/uninstall.go:25.47,26.31 1 0
github.com/PRASSamin/prasmoid/cmd/uninstall.go:26.31,29.4 2 0
github.com/PRASSamin/prasmoid/cmd/uninstall.go:30.3,30.45 1 0
github.com/PRASSamin/prasmoid/cmd/uninstall.go:30.45,33.4 2 0
github.com/PRASSamin/prasmoid/cmd/uninstall.go:34.3,34.51 1 0
github.com/PRASSamin/prasmoid/cmd/uninstall.go:38.32,40.16 2 0
github.com/PRASSamin/prasmoid/cmd/uninstall.go:40.16,42.3 1 0
github.com/PRASSamin/prasmoid/cmd/uninstall.go:43.2,43.17 1 0
github.com/PRASSamin/prasmoid/cmd/uninstall.go:43.17,44.45 1 0
github.com/PRASSamin/prasmoid/cmd/uninstall.go:44.45,46.4 1 0
github.com/PRASSamin/prasmoid/cmd/uninstall.go:48.2,48.12 1 0
github.com/PRASSamin/prasmoid/cmd/unlink.go:15.13,27.2 1 0
github.com/PRASSamin/prasmoid/cmd/unlink.go:34.47,37.17 2 0
github.com/PRASSamin/prasmoid/cmd/unlink.go:37.17,40.4 2 0
github.com/PRASSamin/prasmoid/cmd/unlink.go:43.3,45.49 3 0
github.com/PRASSamin/prasmoid/cmd/upgrade.go:22.13,24.2 1 0
github.com/PRASSamin/prasmoid/cmd/upgrade.go:29.47,30.37 1 0
github.com/PRASSamin/prasmoid/cmd/upgrade.go:30.37,33.4 2 0
github.com/PRASSamin/prasmoid/cmd/upgrade.go:35.3,35.66 1 0
github.com/PRASSamin/prasmoid/cmd/upgrade.go:35.66,42.65 4 0
github.com/PRASSamin/prasmoid/cmd/upgrade.go:42.65,44.5 1 0
github.com/PRASSamin/prasmoid/cmd/upgrade.go:46.4,46.15 1 0
github.com/PRASSamin/prasmoid/cmd/upgrade.go:46.15,47.110 1 0
github.com/PRASSamin/prasmoid/cmd/upgrade.go:47.110,50.6 2 0
github.com/PRASSamin/prasmoid/cmd/upgrade.go:51.10,54.5 2 0
github.com/PRASSamin/prasmoid/cmd/upgrade.go:57.3,60.17 3 0
github.com/PRASSamin/prasmoid/cmd/upgrade.go:60.17,63.4 2 0
github.com/PRASSamin/prasmoid/cmd/upgrade.go:65.3,71.39 5 0
github.com/PRASSamin/prasmoid/cmd/upgrade.go:71.39,73.4 1 0
github.com/PRASSamin/prasmoid/cmd/upgrade.go:75.3,75.55 1 0
github.com/PRASSamin/prasmoid/cmd/upgrade.go:75.55,78.4 1 0
github.com/PRASSamin/prasmoid/cmd/upgrade.go:82.24,84.16 2 0
github.com/PRASSamin/prasmoid/cmd/upgrade.go:84.16,86.3 1 0
github.com/PRASSamin/prasmoid/cmd/upgrade.go:88.2,88.28 1 0
github.com/PRASSamin/prasmoid/cmd/upgrade.go:88.28,90.3 1 0
github.com/PRASSamin/prasmoid/cmd/upgrade.go:91.2,91.12 1 0
github.com/PRASSamin/prasmoid/cmd/version.go:21.13,23.2 1 0
github.com/PRASSamin/prasmoid/cmd/version.go:29.47,31.3 1 0
github.com/PRASSamin/prasmoid/dev/main.go:14.13,15.22 1 0
github.com/PRASSamin/prasmoid/dev/main.go:15.22,23.3 7 0
github.com/PRASSamin/prasmoid/dev/main.go:25.2,25.20 1 0
github.com/PRASSamin/prasmoid/dev/main.go:26.15,27.48 1 0
github.com/PRASSamin/prasmoid/dev/main.go:27.48,29.4 1 0
github.com/PRASSamin/prasmoid/dev/main.go:30.3,35.32 3 0
github.com/PRASSamin/prasmoid/dev/main.go:35.32,37.4 1 0
github.com/PRASSamin/prasmoid/dev/main.go:40.3,41.17 2 0
github.com/PRASSamin/prasmoid/dev/main.go:41.17,44.4 2 0
github.com/PRASSamin/prasmoid/dev/main.go:45.15,46.12 1 0
github.com/PRASSamin/prasmoid/dev/main.go:47.10,53.72 6 0
github.com/PRASSamin/prasmoid/dev/utils.go:18.16,23.16 4 0
github.com/PRASSamin/prasmoid/dev/utils.go:23.16,26.3 2 0
github.com/PRASSamin/prasmoid/dev/utils.go:27.2,27.15 1 0
github.com/PRASSamin/prasmoid/dev/utils.go:27.15,28.41 1 0
github.com/PRASSamin/prasmoid/dev/utils.go:28.41,30.4 1 0
github.com/PRASSamin/prasmoid/dev/utils.go:33.2,33.58 1 0
github.com/PRASSamin/prasmoid/dev/utils.go:33.58,36.40 1 0
github.com/PRASSamin/prasmoid/dev/utils.go:36.40,38.4 1 0
github.com/PRASSamin/prasmoid/dev/utils.go:40.3,40.56 1 0
github.com/PRASSamin/prasmoid/dev/utils.go:44.2,44.81 1 0
github.com/PRASSamin/prasmoid/dev/utils.go:44.81,45.17 1 0
github.com/PRASSamin/prasmoid/dev/utils.go:45.17,47.4 1 0
github.com/PRASSamin/prasmoid/dev/utils.go:48.3,48.30 1 0
github.com/PRASSamin/prasmoid/dev/utils.go:48.30,49.44 1 0
github.com/PRASSamin/prasmoid/dev/utils.go:49.44,51.5 1 0
github.com/PRASSamin/prasmoid/dev/utils.go:53.3,53.13 1 0
github.com/PRASSamin/prasmoid/dev/utils.go:55.2,55.16 1 0
github.com/PRASSamin/prasmoid/dev/utils.go:55.16,58.3 2 0
github.com/PRASSamin/prasmoid/dev/utils.go:60.2,68.20 6 0
github.com/PRASSamin/prasmoid/dev/utils.go:68.20,69.19 1 0
github.com/PRASSamin/prasmoid/dev/utils.go:69.19,71.4 1 0
github.com/PRASSamin/prasmoid/dev/utils.go:72.3,73.43 2 0
github.com/PRASSamin/prasmoid/dev/utils.go:73.43,76.4 2 0
github.com/PRASSamin/prasmoid/dev/utils.go:79.2,79.12 1 0
github.com/PRASSamin/prasmoid/dev/utils.go:79.12,80.7 1 0
github.com/PRASSamin/prasmoid/dev/utils.go:80.7,81.11 1 0
github.com/PRASSamin/prasmoid/dev/utils.go:82.39,83.12 1 0
github.com/PRASSamin/prasmoid/dev/utils.go:83.12,85.6 1 0
github.com/PRASSamin/prasmoid/dev/utils.go:88.5,90.50 1 0
github.com/PRASSamin/prasmoid/dev/utils.go:90.50,92.46 1 0
github.com/PRASSamin/prasmoid/dev/utils.go:92.46,95.38 2 0
github.com/PRASSamin/prasmoid/dev/utils.go:95.38,98.8 2 0
github.com/PRASSamin/prasmoid/dev/utils.go:99.7,99.16 1 0
github.com/PRASSamin/prasmoid/dev/utils.go:103.37,104.12 1 0
github.com/PRASSamin/prasmoid/dev/utils.go:104.12,106.6 1 0
github.com/PRASSamin/prasmoid/dev/utils.go:107.5,107.35 1 0
github.com/PRASSamin/prasmoid/dev/utils.go:113.2,115.7 3 0
github.com/PRASSamin/prasmoid/dev/utils.go:118.25,123.38 4 0
github.com/PRASSamin/prasmoid/dev/utils.go:123.38,126.3 2 0
github.com/PRASSamin/prasmoid/dev/utils.go:128.2,128.46 1 0
github.com/PRASSamin/prasmoid/dev/utils.go:131.30,136.14 4 0
github.com/PRASSamin/prasmoid/dev/utils.go:136.14,140.3 3 0
github.com/PRASSamin/prasmoid/dev/utils.go:143.2,152.38 6 0
github.com/PRASSamin/prasmoid/dev/utils.go:152.38,155.3 2 0
github.com/PRASSamin/prasmoid/dev/utils.go:157.2,158.86 2 0
github.com/PRASSamin/prasmoid/dev/utils.go:161.53,163.16 2 0
github.com/PRASSamin/prasmoid/dev/utils.go:163.16,165.3 1 0
github.com/PRASSamin/prasmoid/dev/utils.go:167.2,170.29 3 0
github.com/PRASSamin/prasmoid/dev/utils.go:170.29,171.19 1 0
github.com/PRASSamin/prasmoid/dev/utils.go:171.19,172.12 1 0
github.com/PRASSamin/prasmoid/dev/utils.go:175.3,177.17 3 0
github.com/PRASSamin/prasmoid/dev/utils.go:177.17,179.4 1 0
github.com/PRASSamin/prasmoid/dev/utils.go:181.3,184.78 4 0
github.com/PRASSamin/prasmoid/dev/utils.go:187.2,188.96 2 0
github.com/PRASSamin/prasmoid/dev/utils.go:188.96,190.3 1 0
github.com/PRASSamin/prasmoid/dev/utils.go:192.2,193.25 2 0
github.com/PRASSamin/prasmoid/utils/main.go:21.22,23.16 2 0
github.com/PRASSamin/prasmoid/utils/main.go:23.16,25.3 1 0
github.com/PRASSamin/prasmoid/utils/main.go:26.2,27.19 2 0
github.com/PRASSamin/prasmoid/utils/main.go:31.35,34.16 2 0
github.com/PRASSamin/prasmoid/utils/main.go:34.16,36.3 1 0
github.com/PRASSamin/prasmoid/utils/main.go:37.2,37.92 1 0
github.com/PRASSamin/prasmoid/utils/main.go:41.59,45.16 3 0
github.com/PRASSamin/prasmoid/utils/main.go:45.16,47.3 1 0
github.com/PRASSamin/prasmoid/utils/main.go:49.2,50.52 2 0
github.com/PRASSamin/prasmoid/utils/main.go:50.52,52.3 1 0
github.com/PRASSamin/prasmoid/utils/main.go:54.2,55.9 2 0
github.com/PRASSamin/prasmoid/utils/main.go:55.9,57.3 1 0
github.com/PRASSamin/prasmoid/utils/main.go:59.2,60.9 2 0
github.com/PRASSamin/prasmoid/utils/main.go:60.9,62.3 1 0
github.com/PRASSamin/prasmoid/utils/main.go:64.2,65.9 2 0
github.com/PRASSamin/prasmoid/utils/main.go:65.9,67.3 1 0
github.com/PRASSamin/prasmoid/utils/main.go:69.2,69.19 1 0
github.com/PRASSamin/prasmoid/utils/main.go:73.42,75.16 2 0
github.com/PRASSamin/prasmoid/utils/main.go:75.16,77.3 1 0
github.com/PRASSamin/prasmoid/utils/main.go:80.2,81.45 2 0
github.com/PRASSamin/prasmoid/utils/main.go:81.45,83.3 1 0
github.com/PRASSamin/prasmoid/utils/main.go:86.2,87.47 2 0
github.com/PRASSamin/prasmoid/utils/main.go:87.47,89.3 1 0
github.com/PRASSamin/prasmoid/utils/main.go:91.2,91.29 1 0
github.com/PRASSamin/prasmoid/utils/main.go:95.43,98.2 2 0
github.com/PRASSamin/prasmoid/utils/main.go:113.80,115.25 2 0
github.com/PRASSamin/prasmoid/utils/main.go:115.25,117.3 1 0
github.com/PRASSamin/prasmoid/utils/main.go:119.2,123.16 3 0
github.com/PRASSamin/prasmoid/utils/main.go:123.16,125.3 1 0
github.com/PRASSamin/prasmoid/utils/main.go:128.2,129.52 2 0
github.com/PRASSamin/prasmoid/utils/main.go:129.52,131.3 1 0
github.com/PRASSamin/prasmoid/utils/main.go:134.2,134.20 1 0
github.com/PRASSamin/prasmoid/utils/main.go:134.20,136.3 1 0
github.com/PRASSamin/prasmoid/utils/main.go:136.8,139.10 2 0
github.com/PRASSamin/prasmoid/utils/main.go:139.10,142.4 2 0
github.com/PRASSamin/prasmoid/utils/main.go:143.3,143.26 1 0
github.com/PRASSamin/prasmoid/utils/main.go:146.2,147.16 2 0
github.com/PRASSamin/prasmoid/utils/main.go:147.16,149.3 1 0
github.com/PRASSamin/prasmoid/utils/main.go:150.2,150.15 1 0
github.com/PRASSamin/prasmoid/utils/main.go:150.15,151.38 1 0
github.com/PRASSamin/prasmoid/utils/main.go:151.38,155.4 1 0
github.com/PRASSamin/prasmoid/utils/main.go:158.2,162.45 4 0
github.com/PRASSamin/prasmoid/utils/main.go:162.45,164.3 1 0
github.com/PRASSamin/prasmoid/utils/main.go:166.2,166.12 1 0
github.com/PRASSamin/prasmoid/utils/main.go:177.45,178.51 1 0
github.com/PRASSamin/prasmoid/utils/main.go:178.51,180.17 2 0
github.com/PRASSamin/prasmoid/utils/main.go:180.17,182.4 1 0
github.com/PRASSamin/prasmoid/utils/main.go:184.2,184.92 1 0
github.com/PRASSamin/prasmoid/utils/main.go:187.35,198.46 4 0
github.com/PRASSamin/prasmoid/utils/main.go:198.46,199.27 1 0
github.com/PRASSamin/prasmoid/utils/main.go:199.27,200.22 1 0
github.com/PRASSamin/prasmoid/utils/main.go:200.22,201.60 1 0
github.com/PRASSamin/prasmoid/utils/main.go:201.60,203.6 1 0
github.com/PRASSamin/prasmoid/utils/main.go:208.2,208.78 1 0
github.com/PRASSamin/prasmoid/utils/main.go:211.75,213.16 2 0
github.com/PRASSamin/prasmoid/utils/main.go:213.16,215.3 1 0
github.com/PRASSamin/prasmoid/utils/main.go:217.2,218.9 2 0
github.com/PRASSamin/prasmoid/utils/main.go:218.9,220.3 1 0
github.com/PRASSamin/prasmoid/utils/main.go:222.2,223.12 2 0
github.com/PRASSamin/prasmoid/utils/main.go:224.13,225.48 1 0
github.com/PRASSamin/prasmoid/utils/main.go:226.16,227.69 1 0
github.com/PRASSamin/prasmoid/utils/main.go:228.10,229.59 1 0
github.com/PRASSamin/prasmoid/utils/main.go:232.2,235.34 3 0
github.com/PRASSamin/prasmoid/utils/main.go:235.34,237.3 1 0
github.com/PRASSamin/prasmoid/utils/main.go:239.2,239.61 1 0
github.com/PRASSamin/prasmoid/utils/main.go:239.61,241.3 1 0
github.com/PRASSamin/prasmoid/utils/main.go:243.2,244.12 2 0
github.com/PRASSamin/prasmoid/utils/main.go:248.56,249.50 1 0
github.com/PRASSamin/prasmoid/utils/main.go:249.50,251.3 1 0
github.com/PRASSamin/prasmoid/utils/main.go:253.2,256.16 4 0
github.com/PRASSamin/prasmoid/utils/main.go:256.16,258.3 1 0
github.com/PRASSamin/prasmoid/utils/main.go:260.2,261.16 2 0
github.com/PRASSamin/prasmoid/utils/main.go:261.16,263.3 1 0
github.com/PRASSamin/prasmoid/utils/main.go:265.2,266.42 2 0
github.com/PRASSamin/prasmoid/utils/main.go:266.42,269.3 2 0
github.com/PRASSamin/prasmoid/utils/main.go:271.2,271.47 1 0
github.com/PRASSamin/prasmoid/utils/main.go:271.47,273.3 1 0
github.com/PRASSamin/prasmoid/utils/main.go:275.2,275.12 1 0
github.com/PRASSamin/prasmoid/utils/main.go:278.40,280.2 1 0
github.com/PRASSamin/prasmoid/utils/main.go:282.46,284.2 1 0
github.com/PRASSamin/prasmoid/utils/main.go:286.34,288.16 2 0
github.com/PRASSamin/prasmoid/utils/main.go:288.16,290.3 1 0
github.com/PRASSamin/prasmoid/utils/main.go:292.2,292.64 1 0
github.com/PRASSamin/prasmoid/utils/main.go:292.64,294.46 2 0
github.com/PRASSamin/prasmoid/utils/main.go:294.46,296.4 1 0
github.com/PRASSamin/prasmoid/utils/main.go:299.2,299.70 1 0
github.com/PRASSamin/prasmoid/utils/main.go:299.70,301.52 2 0
github.com/PRASSamin/prasmoid/utils/main.go:301.52,303.4 1 0
github.com/PRASSamin/prasmoid/utils/main.go:306.2,306.62 1 0
github.com/PRASSamin/prasmoid/utils/main.go:306.62,308.108 2 0
github.com/PRASSamin/prasmoid/utils/main.go:308.108,310.4 1 0
github.com/PRASSamin/prasmoid/utils/main.go:313.2,313.59 1 0
github.com/PRASSamin/prasmoid/utils/main.go:313.59,315.102 2 0
github.com/PRASSamin/prasmoid/utils/main.go:315.102,317.4 1 0
github.com/PRASSamin/prasmoid/utils/main.go:320.2,320.12 1 0
github.com/PRASSamin/prasmoid/utils/main.go:323.29,324.60 1 0
github.com/PRASSamin/prasmoid/utils/main.go:324.60,326.3 1 0
github.com/PRASSamin/prasmoid/utils/main.go:327.2,327.55 1 0
github.com/PRASSamin/prasmoid/utils/main.go:327.55,329.3 1 0
github.com/PRASSamin/prasmoid/utils/main.go:330.2,330.13 1 0
github.com/PRASSamin/prasmoid/utils/main.go:333.86,334.16 1 0
github.com/PRASSamin/prasmoid/utils/main.go:334.16,336.3 1 0
github.com/PRASSamin/prasmoid/utils/main.go:337.2,338.9 2 0
github.com/PRASSamin/prasmoid/utils/main.go:338.9,340.3 1 0
github.com/PRASSamin/prasmoid/utils/main.go:341.2,341.17 1 0
github.com/PRASSamin/prasmoid/utils/main.go:344.34,345.24 1 0
github.com/PRASSamin/prasmoid/utils/main.go:345.24,347.3 1 0
github.com/PRASSamin/prasmoid/utils/main.go:348.2,360.16 4 0
github.com/PRASSamin/prasmoid/utils/main.go:360.16,364.3 2 0
github.com/PRASSamin/prasmoid/utils/main.go:365.2,367.16 3 0
github.com/PRASSamin/prasmoid/utils/main.go:367.16,371.3 2 0
github.com/PRASSamin/prasmoid/utils/main.go:372.2,373.19 2 0
github.com/PRASSamin/prasmoid/utils/main.go:373.19,377.3 2 0
github.com/PRASSamin/prasmoid/utils/main.go:380.2,381.16 2 0
github.com/PRASSamin/prasmoid/utils/main.go:381.16,384.3 2 0
github.com/PRASSamin/prasmoid/utils/main.go:387.2,388.61 2 0
github.com/PRASSamin/prasmoid/utils/main.go:388.61,392.3 2 0
github.com/PRASSamin/prasmoid/utils/main.go:394.2,394.15 1 0
github.com/PRASSamin/prasmoid/utils/main.go:397.57,399.29 2 0
github.com/PRASSamin/prasmoid/utils/main.go:399.29,401.3 1 0
github.com/PRASSamin/prasmoid/utils/main.go:401.8,403.3 1 0
github.com/PRASSamin/prasmoid/utils/main.go:406.2,407.44 2 0
github.com/PRASSamin/prasmoid/utils/main.go:407.44,409.3 1 0
github.com/PRASSamin/prasmoid/utils/main.go:410.2,414.32 3 0
github.com/PRASSamin/prasmoid/utils/main.go:414.32,415.46 1 0
github.com/PRASSamin/prasmoid/utils/main.go:415.46,417.4 1 0
github.com/PRASSamin/prasmoid/utils/main.go:420.2,428.111 3 0
github.com/PRASSamin/prasmoid/utils/main.go:428.111,430.10 2 0
github.com/PRASSamin/prasmoid/utils/main.go:430.10,432.4 1 0
github.com/PRASSamin/prasmoid/utils/main.go:433.3,433.25 1 0
github.com/PRASSamin/prasmoid/utils/main.go:433.25,435.4 1 0
github.com/PRASSamin/prasmoid/utils/main.go:436.3,436.13 1 0
github.com/PRASSamin/prasmoid/utils/main.go:437.18,439.3 1 0
github.com/PRASSamin/prasmoid/utils/main.go:442.2,443.41 2 0
github.com/PRASSamin/prasmoid/utils/main.go:443.41,444.60 1 0
github.com/PRASSamin/prasmoid/utils/main.go:444.60,446.4 1 0
github.com/PRASSamin/prasmoid/utils/main.go:449.2,449.16 1 0
github.com/PRASSamin/prasmoid/internal/runtime/child_process.go:11.58,15.54 2 0
github.com/PRASSamin/prasmoid/internal/runtime/child_process.go:15.54,18.22 3 0
github.com/PRASSamin/prasmoid/internal/runtime/child_process.go:18.22,20.4 1 0
github.com/PRASSamin/prasmoid/internal/runtime/child_process.go:21.3,23.17 3 0
github.com/PRASSamin/prasmoid/internal/runtime/child_process.go:23.17,25.4 1 0
github.com/PRASSamin/prasmoid/internal/runtime/child_process.go:26.3,26.33 1 0
github.com/PRASSamin/prasmoid/internal/runtime/child_process.go:29.2,29.55 1 0
github.com/PRASSamin/prasmoid/internal/runtime/child_process.go:29.55,31.3 1 0
github.com/PRASSamin/prasmoid/internal/runtime/child_process.go:33.2,33.54 1 0
github.com/PRASSamin/prasmoid/internal/runtime/child_process.go:33.54,35.3 1 0
github.com/PRASSamin/prasmoid/internal/runtime/child_process.go:36.2,36.51 1 0
github.com/PRASSamin/prasmoid/internal/runtime/child_process.go:36.51,38.3 1 0
github.com/PRASSamin/prasmoid/internal/runtime/child_process.go:41.2,41.73 1 0
github.com/PRASSamin/prasmoid/internal/runtime/child_process.go:41.73,42.50 1 0
github.com/PRASSamin/prasmoid/internal/runtime/child_process.go:42.50,44.4 1 0
github.com/PRASSamin/prasmoid/internal/runtime/child_process.go:47.2,49.4 1 0
github.com/PRASSamin/prasmoid/internal/runtime/child_process.go:49.4,50.61 1 0
github.com/PRASSamin/prasmoid/internal/runtime/child_process.go:50.61,52.4 1 0
github.com/PRASSamin/prasmoid/internal/runtime/console.go:25.53,28.78 2 0
github.com/PRASSamin/prasmoid/internal/runtime/console.go:28.78,29.50 1 0
github.com/PRASSamin/prasmoid/internal/runtime/console.go:29.50,31.39 2 0
github.com/PRASSamin/prasmoid/internal/runtime/console.go:31.39,33.5 1 0
github.com/PRASSamin/prasmoid/internal/runtime/console.go:34.4,34.20 1 0
github.com/PRASSamin/prasmoid/internal/runtime/console.go:34.20,36.5 1 0
github.com/PRASSamin/prasmoid/internal/runtime/console.go:36.10,38.5 1 0
github.com/PRASSamin/prasmoid/internal/runtime/console.go:39.4,39.27 1 0
github.com/PRASSamin/prasmoid/internal/runtime/console.go:44.2,44.112 1 0
github.com/PRASSamin/prasmoid/internal/runtime/console.go:44.112,45.50 1 0
github.com/PRASSamin/prasmoid/internal/runtime/console.go:45.50,47.39 2 0
github.com/PRASSamin/prasmoid/internal/runtime/console.go:47.39,49.5 1 0
github.com/PRASSamin/prasmoid/internal/runtime/console.go:50.4,51.27 2 0
github.com/PRASSamin/prasmoid/internal/runtime/console.go:56.2,56.67 1 0
github.com/PRASSamin/prasmoid/internal/runtime/console.go:56.67,58.3 1 0
github.com/PRASSamin/prasmoid/internal/runtime/console.go:59.2,59.68 1 0
github.com/PRASSamin/prasmoid/internal/runtime/console.go:59.68,61.3 1 0
github.com/PRASSamin/prasmoid/internal/runtime/console.go:62.2,62.69 1 0
github.com/PRASSamin/prasmoid/internal/runtime/console.go:62.69,64.3 1 0
github.com/PRASSamin/prasmoid/internal/runtime/console.go:65.2,65.69 1 0
github.com/PRASSamin/prasmoid/internal/runtime/console.go:65.69,67.3 1 0
github.com/PRASSamin/prasmoid/internal/runtime/console.go:68.2,68.68 1 0
github.com/PRASSamin/prasmoid/internal/runtime/console.go:68.68,70.3 1 0
github.com/PRASSamin/prasmoid/internal/runtime/console.go:73.2,73.74 1 0
github.com/PRASSamin/prasmoid/internal/runtime/console.go:73.74,75.3 1 0
github.com/PRASSamin/prasmoid/internal/runtime/console.go:76.2,76.78 1 0
github.com/PRASSamin/prasmoid/internal/runtime/console.go:76.78,78.3 1 0
github.com/PRASSamin/prasmoid/internal/runtime/console.go:79.2,79.80 1 0
github.com/PRASSamin/prasmoid/internal/runtime/console.go:79.80,81.3 1 0
github.com/PRASSamin/prasmoid/internal/runtime/console.go:84.2,84.74 1 0
github.com/PRASSamin/prasmoid/internal/runtime/console.go:84.74,85.30 1 0
github.com/PRASSamin/prasmoid/internal/runtime/console.go:85.30,87.4 1 0
github.com/PRASSamin/prasmoid/internal/runtime/console.go:89.3,91.62 3 0
github.com/PRASSamin/prasmoid/internal/runtime/console.go:91.62,93.4 1 0
github.com/PRASSamin/prasmoid/internal/runtime/console.go:94.3,94.31 1 0
github.com/PRASSamin/prasmoid/internal/runtime/console.go:94.31,96.39 2 0
github.com/PRASSamin/prasmoid/internal/runtime/console.go:96.39,98.5 1 0
github.com/PRASSamin/prasmoid/internal/runtime/console.go:101.3,101.31 1 0
github.com/PRASSamin/prasmoid/internal/runtime/console.go:101.31,104.4 2 0
github.com/PRASSamin/prasmoid/internal/runtime/console.go:106.3,109.37 3 0
github.com/PRASSamin/prasmoid/internal/runtime/console.go:110.14,111.32 1 0
github.com/PRASSamin/prasmoid/internal/runtime/console.go:112.16,113.34 1 0
github.com/PRASSamin/prasmoid/internal/runtime/console.go:114.17,115.35 1 0
github.com/PRASSamin/prasmoid/internal/runtime/console.go:116.15,117.33 1 0
github.com/PRASSamin/prasmoid/internal/runtime/console.go:118.18,119.36 1 0
github.com/PRASSamin/prasmoid/internal/runtime/console.go:120.15,121.33 1 0
github.com/PRASSamin/prasmoid/internal/runtime/console.go:122.16,123.34 1 0
github.com/PRASSamin/prasmoid/internal/runtime/console.go:124.11,125.34 1 0
github.com/PRASSamin/prasmoid/internal/runtime/console.go:128.3,128.44 1 0
github.com/PRASSamin/prasmoid/internal/runtime/console.go:128.44,130.4 1 0
github.com/PRASSamin/prasmoid/internal/runtime/console.go:131.3,131.26 1 0
github.com/PRASSamin/prasmoid/internal/runtime/console.go:132.17,134.3 1 0
github.com/PRASSamin/prasmoid/internal/runtime/console.go:137.40,138.25 1 0
github.com/PRASSamin/prasmoid/internal/runtime/console.go:139.11,140.16 1 0
github.com/PRASSamin/prasmoid/internal/runtime/console.go:141.14,142.36 1 0
github.com/PRASSamin/prasmoid/internal/runtime/console.go:143.21,145.28 2 0
github.com/PRASSamin/prasmoid/internal/runtime/console.go:145.28,147.4 1 0
github.com/PRASSamin/prasmoid/internal/runtime/console.go:148.3,148.47 1 0
github.com/PRASSamin/prasmoid/internal/runtime/console.go:149.30,151.25 2 0
github.com/PRASSamin/prasmoid/internal/runtime/console.go:151.25,153.4 1 0
github.com/PRASSamin/prasmoid/internal/runtime/console.go:154.3,154.49 1 0
github.com/PRASSamin/prasmoid/internal/runtime/console.go:155.35,157.25 2 0
github.com/PRASSamin/prasmoid/internal/runtime/console.go:157.25,159.4 1 0
github.com/PRASSamin/prasmoid/internal/runtime/console.go:160.3,160.49 1 0
github.com/PRASSamin/prasmoid/internal/runtime/console.go:161.42,162.22 1 0
github.com/PRASSamin/prasmoid/internal/runtime/console.go:163.10,164.39 1 0
github.com/PRASSamin/prasmoid/internal/runtime/console.go:164.39,166.4 1 0
github.com/PRASSamin/prasmoid/internal/runtime/console.go:167.3,167.32 1 0
github.com/PRASSamin/prasmoid/internal/runtime/console.go:171.42,172.36 1 0
github.com/PRASSamin/prasmoid/internal/runtime/console.go:173.68,174.14 1 0
github.com/PRASSamin/prasmoid/internal/runtime/console.go:175.10,176.15 1 0
github.com/PRASSamin/prasmoid/internal/runtime/fs.go:17.48,41.16 4 0
github.com/PRASSamin/prasmoid/internal/runtime/fs.go:41.16,42.13 1 0
github.com/PRASSamin/prasmoid/internal/runtime/fs.go:46.2,47.52 2 0
github.com/PRASSamin/prasmoid/internal/runtime/fs.go:47.52,49.3 1 0
github.com/PRASSamin/prasmoid/internal/runtime/fs.go:52.2,52.76 1 0
github.com/PRASSamin/prasmoid/internal/runtime/fs.go:52.76,53.30 1 0
github.com/PRASSamin/prasmoid/internal/runtime/fs.go:53.30,55.4 1 0
github.com/PRASSamin/prasmoid/internal/runtime/fs.go:56.3,58.17 3 0
github.com/PRASSamin/prasmoid/internal/runtime/fs.go:58.17,60.4 1 0
github.com/PRASSamin/prasmoid/internal/runtime/fs.go:61.3,61.34 1 0
github.com/PRASSamin/prasmoid/internal/runtime/fs.go:62.17,64.3 1 0
github.com/PRASSamin/prasmoid/internal/runtime/fs.go:67.2,67.77 1 0
github.com/PRASSamin/prasmoid/internal/runtime/fs.go:67.77,68.30 1 0
github.com/PRASSamin/prasmoid/internal/runtime/fs.go:68.30,70.4 1 0
github.com/PRASSamin/prasmoid/internal/runtime/fs.go:71.3,75.17 4 0
github.com/PRASSamin/prasmoid/internal/runtime/fs.go:75.17,77.4 1 0
github.com/PRASSamin/prasmoid/internal/runtime/fs.go:78.3,78.26 1 0
github.com/PRASSamin/prasmoid/internal/runtime/fs.go:79.17,81.3 1 0
github.com/PRASSamin/prasmoid/internal/runtime/fs.go:84.2,84.78 1 0
github.com/PRASSamin/prasmoid/internal/runtime/fs.go:84.78,85.30 1 0
github.com/PRASSamin/prasmoid/internal/runtime/fs.go:85.30,87.4 1 0
github.com/PRASSamin/prasmoid/internal/runtime/fs.go:88.3,92.17 4 0
github.com/PRASSamin/prasmoid/internal/runtime/fs.go:92.17,94.4 1 0
github.com/PRASSamin/prasmoid/internal/runtime/fs.go:95.3,95.16 1 0
github.com/PRASSamin/prasmoid/internal/runtime/fs.go:95.16,96.36 1 0
github.com/PRASSamin/prasmoid/internal/runtime/fs.go:96.36,98.5 1 0
github.com/PRASSamin/prasmoid/internal/runtime/fs.go:101.3,101.51 1 0
github.com/PRASSamin/prasmoid/internal/runtime/fs.go:101.51,103.4 1 0
github.com/PRASSamin/prasmoid/internal/runtime/fs.go:104.3,104.26 1 0
github.com/PRASSamin/prasmoid/internal/runtime/fs.go:105.17,107.3 1 0
github.com/PRASSamin/prasmoid/internal/runtime/fs.go:110.2,110.74 1 0
github.com/PRASSamin/prasmoid/internal/runtime/fs.go:110.74,111.30 1 0
github.com/PRASSamin/prasmoid/internal/runtime/fs.go:111.30,113.4 1 0
github.com/PRASSamin/prasmoid/internal/runtime/fs.go:114.3,117.28 4 0
github.com/PRASSamin/prasmoid/internal/runtime/fs.go:118.17,120.3 1 0
github.com/PRASSamin/prasmoid/internal/runtime/fs.go:123.2,123.75 1 0
github.com/PRASSamin/prasmoid/internal/runtime/fs.go:123.75,124.30 1 0
github.com/PRASSamin/prasmoid/internal/runtime/fs.go:124.30,126.4 1 0
github.com/PRASSamin/prasmoid/internal/runtime/fs.go:127.3,129.17 3 0
github.com/PRASSamin/prasmoid/internal/runtime/fs.go:129.17,131.4 1 0
github.com/PRASSamin/prasmoid/internal/runtime/fs.go:133.3,135.30 3 0
github.com/PRASSamin/prasmoid/internal/runtime/fs.go:135.30,136.88 1 0
github.com/PRASSamin/prasmoid/internal/runtime/fs.go:136.88,138.5 1 0
github.com/PRASSamin/prasmoid/internal/runtime/fs.go:139.4,139.11 1 0
github.com/PRASSamin/prasmoid/internal/runtime/fs.go:141.3,141.16 1 0
github.com/PRASSamin/prasmoid/internal/runtime/fs.go:142.17,144.3 1 0
github.com/PRASSamin/prasmoid/internal/runtime/fs.go:147.2,147.73 1 0
github.com/PRASSamin/prasmoid/internal/runtime/fs.go:147.73,148.30 1 0
github.com/PRASSamin/prasmoid/internal/runtime/fs.go:148.30,150.4 1 0
github.com/PRASSamin/prasmoid/internal/runtime/fs.go:151.3,153.17 3 0
github.com/PRASSamin/prasmoid/internal/runtime/fs.go:153.17,155.4 1 0
github.com/PRASSamin/prasmoid/internal/runtime/fs.go:156.3,156.26 1 0
github.com/PRASSamin/prasmoid/internal/runtime/fs.go:157.17,159.3 1 0
github.com/PRASSamin/prasmoid/internal/runtime/fs.go:161.2,161.48 1 0
github.com/PRASSamin/prasmoid/internal/runtime/fs.go:161.48,162.30 1 0
github.com/PRASSamin/prasmoid/internal/runtime/fs.go:162.30,164.4 1 0
github.com/PRASSamin/prasmoid/internal/runtime/fs.go:165.3,167.30 3 0
github.com/PRASSamin/prasmoid/internal/runtime/fs.go:167.30,171.28 3 0
github.com/PRASSamin/prasmoid/internal/runtime/fs.go:171.28,173.5 1 0
github.com/PRASSamin/prasmoid/internal/runtime/fs.go:176.3,177.16 2 0
github.com/PRASSamin/prasmoid/internal/runtime/fs.go:177.16,179.4 1 0
github.com/PRASSamin/prasmoid/internal/runtime/fs.go:179.9,181.4 1 0
github.com/PRASSamin/prasmoid/internal/runtime/fs.go:182.3,182.17 1 0
github.com/PRASSamin/prasmoid/internal/runtime/fs.go:182.17,184.4 1 0
github.com/PRASSamin/prasmoid/internal/runtime/fs.go:185.3,185.26 1 0
github.com/PRASSamin/prasmoid/internal/runtime/fs.go:189.2,189.49 1 0
github.com/PRASSamin/prasmoid/internal/runtime/fs.go:189.49,191.3 1 0
github.com/PRASSamin/prasmoid/internal/runtime/fs.go:192.2,192.46 1 0
github.com/PRASSamin/prasmoid/internal/runtime/fs.go:192.46,194.3 1 0
github.com/PRASSamin/prasmoid/internal/runtime/fs.go:197.2,197.76 1 0
github.com/PRASSamin/prasmoid/internal/runtime/fs.go:197.76,198.30 1 0
github.com/PRASSamin/prasmoid/internal/runtime/fs.go:198.30,200.4 1 0
github.com/PRASSamin/prasmoid/internal/runtime/fs.go:201.3,206.17 4 0
github.com/PRASSamin/prasmoid/internal/runtime/fs.go:206.17,208.4 1 0
github.com/PRASSamin/prasmoid/internal/runtime/fs.go:209.3,209.16 1 0
github.com/PRASSamin/prasmoid/internal/runtime/fs.go:209.16,210.42 1 0
github.com/PRASSamin/prasmoid/internal/runtime/fs.go:210.42,212.5 1 0
github.com/PRASSamin/prasmoid/internal/runtime/fs.go:216.3,217.17 2 0
github.com/PRASSamin/prasmoid/internal/runtime/fs.go:217.17,219.4 1 0
github.com/PRASSamin/prasmoid/internal/runtime/fs.go:220.3,220.16 1 0
github.com/PRASSamin/prasmoid/internal/runtime/fs.go:220.16,221.43 1 0
github.com/PRASSamin/prasmoid/internal/runtime/fs.go:221.43,223.5 1 0
github.com/PRASSamin/prasmoid/internal/runtime/fs.go:227.3,228.17 2 0
github.com/PRASSamin/prasmoid/internal/runtime/fs.go:228.17,230.4 1 0
github.com/PRASSamin/prasmoid/internal/runtime/fs.go:232.3,232.26 1 0
github.com/PRASSamin/prasmoid/internal/runtime/fs.go:233.17,235.3 1 0
github.com/PRASSamin/prasmoid/internal/runtime/fs.go:238.2,238.74 1 0
github.com/PRASSamin/prasmoid/internal/runtime/fs.go:238.74,239.30 1 0
github.com/PRASSamin/prasmoid/internal/runtime/fs.go:239.30,241.4 1 0
github.com/PRASSamin/prasmoid/internal/runtime/fs.go:242.3,245.17 4 0
github.com/PRASSamin/prasmoid/internal/runtime/fs.go:245.17,247.4 1 0
github.com/PRASSamin/prasmoid/internal/runtime/fs.go:248.3,248.26 1 0
github.com/PRASSamin/prasmoid/internal/runtime/fs.go:249.17,251.3 1 0
github.com/PRASSamin/prasmoid/internal/runtime/fs.go:254.2,254.74 1 0
github.com/PRASSamin/prasmoid/internal/runtime/fs.go:254.74,255.30 1 0
github.com/PRASSamin/prasmoid/internal/runtime/fs.go:255.30,257.4 1 0
github.com/PRASSamin/prasmoid/internal/runtime/fs.go:258.3,260.17 3 0
github.com/PRASSamin/prasmoid/internal/runtime/fs.go:260.17,262.4 1 0
github.com/PRASSamin/prasmoid/internal/runtime/fs.go:263.3,263.26 1 0
github.com/PRASSamin/prasmoid/internal/runtime/fs.go:264.17,266.3 1 0
github.com/PRASSamin/prasmoid/internal/runtime/fs.go:268.2,268.76 1 0
github.com/PRASSamin/prasmoid/internal/runtime/fs.go:268.76,269.30 1 0
github.com/PRASSamin/prasmoid/internal/runtime/fs.go:269.30,271.4 1 0
github.com/PRASSamin/prasmoid/internal/runtime/fs.go:272.3,274.17 3 0
github.com/PRASSamin/prasmoid/internal/runtime/fs.go:274.17,276.4 1 0
github.com/PRASSamin/prasmoid/internal/runtime/fs.go:277.3,277.30 1 0
github.com/PRASSamin/prasmoid/internal/runtime/fs.go:278.17,280.3 1 0
github.com/PRASSamin/prasmoid/internal/runtime/fs.go:282.2,282.76 1 0
github.com/PRASSamin/prasmoid/internal/runtime/fs.go:282.76,283.30 1 0
github.com/PRASSamin/prasmoid/internal/runtime/fs.go:283.30,285.4 1 0
github.com/PRASSamin/prasmoid/internal/runtime/fs.go:286.3,288.17 3 0
github.com/PRASSamin/prasmoid/internal/runtime/fs.go:288.17,290.4 1 0
github.com/PRASSamin/prasmoid/internal/runtime/fs.go:291.3,291.26 1 0
github.com/PRASSamin/prasmoid/internal/runtime/fs.go:292.17,294.3 1 0
github.com/PRASSamin/prasmoid/internal/runtime/fs.go:297.2,297.70 1 0
github.com/PRASSamin/prasmoid/internal/runtime/fs.go:297.70,298.30 1 0
github.com/PRASSamin/prasmoid/internal/runtime/fs.go:298.30,300.4 1 0
github.com/PRASSamin/prasmoid/internal/runtime/fs.go:301.3,306.17 4 0
github.com/PRASSamin/prasmoid/internal/runtime/fs.go:306.17,308.4 1 0
github.com/PRASSamin/prasmoid/internal/runtime/fs.go:310.3,310.23 1 0
github.com/PRASSamin/prasmoid/internal/runtime/fs.go:310.23,311.46 1 0
github.com/PRASSamin/prasmoid/internal/runtime/fs.go:311.46,313.5 1 0
github.com/PRASSamin/prasmoid/internal/runtime/fs.go:314.4,314.27 1 0
github.com/PRASSamin/prasmoid/internal/runtime/fs.go:318.3,319.17 2 0
github.com/PRASSamin/prasmoid/internal/runtime/fs.go:319.17,321.4 1 0
github.com/PRASSamin/prasmoid/internal/runtime/fs.go:324.3,324.81 1 0
github.com/PRASSamin/prasmoid/internal/runtime/fs.go:324.81,325.18 1 0
github.com/PRASSamin/prasmoid/internal/runtime/fs.go:325.18,327.5 1 0
github.com/PRASSamin/prasmoid/internal/runtime/fs.go:330.4,330.19 1 0
github.com/PRASSamin/prasmoid/internal/runtime/fs.go:330.19,332.5 1 0
github.com/PRASSamin/prasmoid/internal/runtime/fs.go:335.4,336.18 2 0
github.com/PRASSamin/prasmoid/internal/runtime/fs.go:336.18,338.5 1 0
github.com/PRASSamin/prasmoid/internal/runtime/fs.go:339.4,342.17 2 0
github.com/PRASSamin/prasmoid/internal/runtime/fs.go:342.17,344.5 1 0
github.com/PRASSamin/prasmoid/internal/runtime/fs.go:347.4,347.35 1 0
github.com/PRASSamin/prasmoid/internal/runtime/fs.go:350.3,350.17 1 0
github.com/PRASSamin/prasmoid/internal/runtime/fs.go:350.17,352.4 1 0
github.com/PRASSamin/prasmoid/internal/runtime/fs.go:353.3,353.26 1 0
github.com/PRASSamin/prasmoid/internal/runtime/fs.go:354.17,356.3 1 0
github.com/PRASSamin/prasmoid/internal/runtime/fs.go:359.2,359.72 1 0
github.com/PRASSamin/prasmoid/internal/runtime/fs.go:359.72,360.30 1 0
github.com/PRASSamin/prasmoid/internal/runtime/fs.go:360.30,362.4 1 0
github.com/PRASSamin/prasmoid/internal/runtime/fs.go:363.3,366.17 4 0
github.com/PRASSamin/prasmoid/internal/runtime/fs.go:366.17,368.4 1 0
github.com/PRASSamin/prasmoid/internal/runtime/fs.go:369.3,369.29 1 0
github.com/PRASSamin/prasmoid/internal/runtime/fs.go:370.17,372.3 1 0
github.com/PRASSamin/prasmoid/internal/runtime/fs.go:375.2,375.75 1 0
github.com/PRASSamin/prasmoid/internal/runtime/fs.go:375.75,376.30 1 0
github.com/PRASSamin/prasmoid/internal/runtime/fs.go:376.30,378.4 1 0
github.com/PRASSamin/prasmoid/internal/runtime/fs.go:379.3,381.17 3 0
github.com/PRASSamin/prasmoid/internal/runtime/fs.go:381.17,383.4 1 0
github.com/PRASSamin/prasmoid/internal/runtime/fs.go:384.3,384.25 1 0
github.com/PRASSamin/prasmoid/internal/runtime/fs.go:385.17,387.3 1 0
github.com/PRASSamin/prasmoid/internal/runtime/fs.go:390.2,390.75 1 0
github.com/PRASSamin/prasmoid/internal/runtime/fs.go:390.75,391.30 1 0
github.com/PRASSamin/prasmoid/internal/runtime/fs.go:391.30,392.77 1 0
github.com/PRASSamin/prasmoid/internal/runtime/fs.go:395.3,398.89 3 0
github.com/PRASSamin/prasmoid/internal/runtime/fs.go:398.89,399.73 1 0
github.com/PRASSamin/prasmoid/internal/runtime/fs.go:402.3,405.33 3 0
github.com/PRASSamin/prasmoid/internal/runtime/fs.go:405.33,406.76 1 0
github.com/PRASSamin/prasmoid/internal/runtime/fs.go:409.3,410.17 2 0
github.com/PRASSamin/prasmoid/internal/runtime/fs.go:410.17,411.61 1 0
github.com/PRASSamin/prasmoid/internal/runtime/fs.go:414.3,414.26 1 0
github.com/PRASSamin/prasmoid/internal/runtime/fs.go:415.17,417.3 1 0
github.com/PRASSamin/prasmoid/internal/runtime/fs.go:420.2,420.72 1 0
github.com/PRASSamin/prasmoid/internal/runtime/fs.go:420.72,421.30 1 0
github.com/PRASSamin/prasmoid/internal/runtime/fs.go:421.30,422.50 1 0
github.com/PRASSamin/prasmoid/internal/runtime/fs.go:424.3,427.17 3 0
github.com/PRASSamin/prasmoid/internal/runtime/fs.go:427.17,428.64 1 0
github.com/PRASSamin/prasmoid/internal/runtime/fs.go:431.3,431.40 1 0
github.com/PRASSamin/prasmoid/internal/runtime/fs.go:432.17,434.3 1 0
github.com/PRASSamin/prasmoid/internal/runtime/fs.go:437.2,437.52 1 0
github.com/PRASSamin/prasmoid/internal/runtime/fs.go:437.52,439.3 1 0
github.com/PRASSamin/prasmoid/internal/runtime/fs.go:442.2,442.69 1 0
github.com/PRASSamin/prasmoid/internal/runtime/fs.go:442.69,447.31 4 0
github.com/PRASSamin/prasmoid/internal/runtime/fs.go:447.31,448.80 1 0
github.com/PRASSamin/prasmoid/internal/runtime/fs.go:448.80,450.5 1 0
github.com/PRASSamin/prasmoid/internal/runtime/fs.go:450.10,451.65 1 0
github.com/PRASSamin/prasmoid/internal/runtime/fs.go:455.3,455.31 1 0
github.com/PRASSamin/prasmoid/internal/runtime/fs.go:455.31,456.76 1 0
github.com/PRASSamin/prasmoid/internal/runtime/fs.go:456.76,458.5 1 0
github.com/PRASSamin/prasmoid/internal/runtime/fs.go:461.3,462.17 2 0
github.com/PRASSamin/prasmoid/internal/runtime/fs.go:462.17,463.60 1 0
github.com/PRASSamin/prasmoid/internal/runtime/fs.go:466.3,466.42 1 0
github.com/PRASSamin/prasmoid/internal/runtime/fs.go:466.42,467.64 1 0
github.com/PRASSamin/prasmoid/internal/runtime/fs.go:470.3,471.22 2 0
github.com/PRASSamin/prasmoid/internal/runtime/fs.go:471.22,473.4 1 0
github.com/PRASSamin/prasmoid/internal/runtime/fs.go:475.3,476.100 2 0
github.com/PRASSamin/prasmoid/internal/runtime/fs.go:476.100,477.87 1 0
github.com/PRASSamin/prasmoid/internal/runtime/fs.go:477.87,478.19 1 0
github.com/PRASSamin/prasmoid/internal/runtime/fs.go:478.19,480.6 1 0
github.com/PRASSamin/prasmoid/internal/runtime/fs.go:481.5,481.18 1 0
github.com/PRASSamin/prasmoid/internal/runtime/fs.go:481.18,482.46 1 0
github.com/PRASSamin/prasmoid/internal/runtime/fs.go:482.46,484.7 1 0
github.com/PRASSamin/prasmoid/internal/runtime/fs.go:486.5,486.15 1 0
github.com/PRASSamin/prasmoid/internal/runtime/fs.go:487.19,489.5 1 0
github.com/PRASSamin/prasmoid/internal/runtime/fs.go:493.3,493.86 1 0
github.com/PRASSamin/prasmoid/internal/runtime/fs.go:493.86,495.4 1 0
github.com/PRASSamin/prasmoid/internal/runtime/fs.go:496.3,496.13 1 0
github.com/PRASSamin/prasmoid/internal/runtime/fs.go:496.13,497.17 1 0
github.com/PRASSamin/prasmoid/internal/runtime/fs.go:497.17,498.88 1 0
github.com/PRASSamin/prasmoid/internal/runtime/fs.go:498.88,500.6 1 0
github.com/PRASSamin/prasmoid/internal/runtime/fs.go:502.4,505.8 3 0
github.com/PRASSamin/prasmoid/internal/runtime/fs.go:505.8,506.12 1 0
github.com/PRASSamin/prasmoid/internal/runtime/fs.go:507.37,508.13 1 0
[...]
github.com/PRASSamin/prasmoid/internal/runtime/path.go:72.17,74.4 1 0
github.com/PRASSamin/prasmoid/internal/runtime/path.go:75.3,75.25 1 0
github.com/PRASSamin/prasmoid/internal/runtime/path.go:76.17,78.3 1 0
github.com/PRASSamin/prasmoid/internal/runtime/path.go:81.2,81.82 1 1
github.com/PRASSamin/prasmoid/internal/runtime/path.go:81.82,82.31 1 0
github.com/PRASSamin/prasmoid/internal/runtime/path.go:82.31,84.4 1 0
github.com/PRASSamin/prasmoid/internal/runtime/path.go:85.3,86.39 2 0
github.com/PRASSamin/prasmoid/internal/runtime/path.go:87.17,89.3 1 0
github.com/PRASSamin/prasmoid/internal/runtime/path.go:92.2,92.73 1 1
github.com/PRASSamin/prasmoid/internal/runtime/path.go:92.73,93.31 1 0
github.com/PRASSamin/prasmoid/internal/runtime/path.go:93.31,95.4 1 0
github.com/PRASSamin/prasmoid/internal/runtime/path.go:96.3,96.62 1 0
github.com/PRASSamin/prasmoid/internal/runtime/path.go:97.17,99.3 1 0
github.com/PRASSamin/prasmoid/internal/runtime/path.go:102.2,102.74 1 1
github.com/PRASSamin/prasmoid/internal/runtime/path.go:102.74,103.31 1 0
github.com/PRASSamin/prasmoid/internal/runtime/path.go:103.31,105.4 1 0
github.com/PRASSamin/prasmoid/internal/runtime/path.go:106.3,106.63 1 0
github.com/PRASSamin/prasmoid/internal/runtime/path.go:107.17,109.3 1 0
github.com/PRASSamin/prasmoid/internal/runtime/path.go:112.2,112.73 1 1
github.com/PRASSamin/prasmoid/internal/runtime/path.go:112.73,113.31 1 0
github.com/PRASSamin/prasmoid/internal/runtime/path.go:113.31,115.4 1 0
github.com/PRASSamin/prasmoid/internal/runtime/path.go:116.3,116.62 1 0
github.com/PRASSamin/prasmoid/internal/runtime/path.go:117.17,119.3 1 0
github.com/PRASSamin/prasmoid/internal/runtime/path.go:122.2,122.71 1 1
github.com/PRASSamin/prasmoid/internal/runtime/path.go:122.71,123.31 1 0
github.com/PRASSamin/prasmoid/internal/runtime/path.go:123.31,125.4 1 0
github.com/PRASSamin/prasmoid/internal/runtime/path.go:126.3,129.33 4 0
github.com/PRASSamin/prasmoid/internal/runtime/path.go:129.33,131.4 1 0
github.com/PRASSamin/prasmoid/internal/runtime/path.go:132.3,143.16 11 0
github.com/PRASSamin/prasmoid/internal/runtime/path.go:144.17,146.3 1 0
github.com/PRASSamin/prasmoid/internal/runtime/path.go:149.2,149.77 1 1
github.com/PRASSamin/prasmoid/internal/runtime/path.go:149.77,150.30 1 0
github.com/PRASSamin/prasmoid/internal/runtime/path.go:150.30,152.4 1 0
github.com/PRASSamin/prasmoid/internal/runtime/path.go:153.3,156.17 4 0
github.com/PRASSamin/prasmoid/internal/runtime/path.go:156.17,158.4 1 0
github.com/PRASSamin/prasmoid/internal/runtime/path.go:159.3,159.27 1 0
github.com/PRASSamin/prasmoid/internal/runtime/path.go:160.17,162.3 1 0
github.com/PRASSamin/prasmoid/internal/runtime/path.go:165.2,165.72 1 1
github.com/PRASSamin/prasmoid/internal/runtime/path.go:165.72,167.3 1 0
github.com/PRASSamin/prasmoid/internal/runtime/path.go:167.17,169.3 1 0
github.com/PRASSamin/prasmoid/internal/runtime/prasmoid.go:31.54,34.79 2 1
github.com/PRASSamin/prasmoid/internal/runtime/prasmoid.go:34.79,35.31 1 0
github.com/PRASSamin/prasmoid/internal/runtime/prasmoid.go:35.31,37.4 1 0
github.com/PRASSamin/prasmoid/internal/runtime/prasmoid.go:38.3,38.30 1 0
github.com/PRASSamin/prasmoid/internal/runtime/prasmoid.go:38.30,40.4 1 0
github.com/PRASSamin/prasmoid/internal/runtime/prasmoid.go:41.3,42.17 2 0
github.com/PRASSamin/prasmoid/internal/runtime/prasmoid.go:42.17,44.4 1 0
github.com/PRASSamin/prasmoid/internal/runtime/prasmoid.go:45.3,45.26 1 0
github.com/PRASSamin/prasmoid/internal/runtime/prasmoid.go:46.17,48.3 1 0
github.com/PRASSamin/prasmoid/internal/runtime/prasmoid.go:50.2,50.75 1 1
github.com/PRASSamin/prasmoid/internal/runtime/prasmoid.go:50.75,51.31 1 0
github.com/PRASSamin/prasmoid/internal/runtime/prasmoid.go:51.31,52.58 1 0
github.com/PRASSamin/prasmoid/internal/runtime/prasmoid.go:56.3,57.62 2 0
github.com/PRASSamin/prasmoid/internal/runtime/prasmoid.go:57.62,58.59 1 0
github.com/PRASSamin/prasmoid/internal/runtime/prasmoid.go:61.3,62.9 2 0
github.com/PRASSamin/prasmoid/internal/runtime/prasmoid.go:62.9,63.60 1 0
github.com/PRASSamin/prasmoid/internal/runtime/prasmoid.go:66.3,67.20 2 0
github.com/PRASSamin/prasmoid/internal/runtime/prasmoid.go:67.20,68.67 1 0
github.com/PRASSamin/prasmoid/internal/runtime/prasmoid.go:71.3,72.48 2 0
github.com/PRASSamin/prasmoid/internal/runtime/prasmoid.go:72.48,73.53 1 0
github.com/PRASSamin/prasmoid/internal/runtime/prasmoid.go:76.3,77.10 2 0
github.com/PRASSamin/prasmoid/internal/runtime/prasmoid.go:77.10,78.55 1 0
github.com/PRASSamin/prasmoid/internal/runtime/prasmoid.go:81.3,84.86 2 0
github.com/PRASSamin/prasmoid/internal/runtime/prasmoid.go:84.86,86.4 1 0
github.com/PRASSamin/prasmoid/internal/runtime/prasmoid.go:88.3,88.82 1 0
github.com/PRASSamin/prasmoid/internal/runtime/prasmoid.go:88.82,90.4 1 0
github.com/PRASSamin/prasmoid/internal/runtime/prasmoid.go:92.3,92.86 1 0
github.com/PRASSamin/prasmoid/internal/runtime/prasmoid.go:92.86,93.61 1 0
github.com/PRASSamin/prasmoid/internal/runtime/prasmoid.go:93.61,94.32 1 0
github.com/PRASSamin/prasmoid/internal/runtime/prasmoid.go:94.32,95.35 1 0
github.com/PRASSamin/prasmoid/internal/runtime/prasmoid.go:95.35,97.7 1 0
github.com/PRASSamin/prasmoid/internal/runtime/prasmoid.go:102.3,102.86 1 0
github.com/PRASSamin/prasmoid/internal/runtime/prasmoid.go:102.86,103.60 1 0
github.com/PRASSamin/prasmoid/internal/runtime/prasmoid.go:103.60,104.31 1 0
github.com/PRASSamin/prasmoid/internal/runtime/prasmoid.go:104.31,105.55 1 0
github.com/PRASSamin/prasmoid/internal/runtime/prasmoid.go:105.55,107.24 2 0
github.com/PRASSamin/prasmoid/internal/runtime/prasmoid.go:107.24,108.39 1 0
github.com/PRASSamin/prasmoid/internal/runtime/prasmoid.go:109.18,109.18 0 0
github.com/PRASSamin/prasmoid/internal/runtime/prasmoid.go:110.16,111.60 1 0
github.com/PRASSamin/prasmoid/internal/runtime/prasmoid.go:114.7,114.34 1 0
github.com/PRASSamin/prasmoid/internal/runtime/prasmoid.go:114.34,115.19 1 0
github.com/PRASSamin/prasmoid/internal/runtime/prasmoid.go:116.20,117.33 1 0
github.com/PRASSamin/prasmoid/internal/runtime/prasmoid.go:118.22,119.30 1 0
github.com/PRASSamin/prasmoid/internal/runtime/prasmoid.go:123.7,129.9 1 0
github.com/PRASSamin/prasmoid/internal/runtime/prasmoid.go:135.3,136.13 2 0
github.com/PRASSamin/prasmoid/internal/runtime/prasmoid.go:137.17,139.3 1 0
github.com/PRASSamin/prasmoid/internal/runtime/prasmoid.go:142.39,143.33 1 0
github.com/PRASSamin/prasmoid/internal/runtime/prasmoid.go:143.33,145.3 1 0
github.com/PRASSamin/prasmoid/internal/runtime/prasmoid.go:146.2,146.11 1 0
github.com/PRASSamin/prasmoid/internal/runtime/prasmoid.go:150.54,152.16 2 0
github.com/PRASSamin/prasmoid/internal/runtime/prasmoid.go:152.16,154.3 1 0
github.com/PRASSamin/prasmoid/internal/runtime/prasmoid.go:155.2,157.16 3 0
github.com/PRASSamin/prasmoid/internal/runtime/prasmoid.go:157.16,159.3 1 0
github.com/PRASSamin/prasmoid/internal/runtime/prasmoid.go:160.2,160.64 1 0
github.com/PRASSamin/prasmoid/internal/runtime/prasmoid.go:160.64,161.41 1 0
github.com/PRASSamin/prasmoid/internal/runtime/prasmoid.go:161.41,163.4 1 0
github.com/PRASSamin/prasmoid/internal/runtime/prasmoid.go:165.2,165.61 1 0
github.com/PRASSamin/prasmoid/internal/runtime/process.go:15.53,19.73 2 1
github.com/PRASSamin/prasmoid/internal/runtime/process.go:19.73,21.30 2 0
github.com/PRASSamin/prasmoid/internal/runtime/process.go:21.30,23.4 1 0
github.com/PRASSamin/prasmoid/internal/runtime/process.go:24.3,25.26 2 0
github.com/PRASSamin/prasmoid/internal/runtime/process.go:26.17,28.3 1 0
github.com/PRASSamin/prasmoid/internal/runtime/process.go:31.2,31.72 1 1
github.com/PRASSamin/prasmoid/internal/runtime/process.go:31.72,33.17 2 0
github.com/PRASSamin/prasmoid/internal/runtime/process.go:33.17,35.4 1 0
github.com/PRASSamin/prasmoid/internal/runtime/process.go:36.3,36.25 1 0
github.com/PRASSamin/prasmoid/internal/runtime/process.go:37.17,39.3 1 0
github.com/PRASSamin/prasmoid/internal/runtime/process.go:42.2,42.74 1 1
github.com/PRASSamin/prasmoid/internal/runtime/process.go:42.74,43.31 1 0
github.com/PRASSamin/prasmoid/internal/runtime/process.go:43.31,45.4 1 0
github.com/PRASSamin/prasmoid/internal/runtime/process.go:46.3,48.17 3 0
github.com/PRASSamin/prasmoid/internal/runtime/process.go:48.17,50.4 1 0
github.com/PRASSamin/prasmoid/internal/runtime/process.go:51.3,51.26 1 0
github.com/PRASSamin/prasmoid/internal/runtime/process.go:52.17,54.3 1 0
github.com/PRASSamin/prasmoid/internal/runtime/process.go:57.2,57.75 1 1
github.com/PRASSamin/prasmoid/internal/runtime/process.go:57.75,59.3 1 0
github.com/PRASSamin/prasmoid/internal/runtime/process.go:59.17,61.3 1 0
github.com/PRASSamin/prasmoid/internal/runtime/process.go:64.2,64.80 1 1
github.com/PRASSamin/prasmoid/internal/runtime/process.go:64.80,74.3 8 0
github.com/PRASSamin/prasmoid/internal/runtime/process.go:74.17,76.3 1 0
github.com/PRASSamin/prasmoid/internal/runtime/process.go:79.2,79.73 1 1
github.com/PRASSamin/prasmoid/internal/runtime/process.go:79.73,80.30 1 0
github.com/PRASSamin/prasmoid/internal/runtime/process.go:80.30,82.4 1 0
github.com/PRASSamin/prasmoid/internal/runtime/process.go:83.3,85.17 3 0
github.com/PRASSamin/prasmoid/internal/runtime/process.go:85.17,87.4 1 0
github.com/PRASSamin/prasmoid/internal/runtime/process.go:88.3,88.26 1 0
github.com/PRASSamin/prasmoid/internal/runtime/process.go:89.17,91.3 1 0
github.com/PRASSamin/prasmoid/internal/runtime/process.go:94.2,94.75 1 1
github.com/PRASSamin/prasmoid/internal/runtime/process.go:94.75,96.3 1 0
github.com/PRASSamin/prasmoid/internal/runtime/process.go:96.17,98.3 1 0
github.com/PRASSamin/prasmoid/internal/runtime/process.go:101.2,101.75 1 1
github.com/PRASSamin/prasmoid/internal/runtime/process.go:101.75,103.3 1 0
github.com/PRASSamin/prasmoid/internal/runtime/process.go:103.17,105.3 1 0
github.com/PRASSamin/prasmoid/internal/runtime/process.go:108.2,108.76 1 1
github.com/PRASSamin/prasmoid/internal/runtime/process.go:108.76,110.3 1 0
github.com/PRASSamin/prasmoid/internal/runtime/process.go:110.17,112.3 1 0
github.com/PRASSamin/prasmoid/internal/runtime/process.go:115.2,115.76 1 1
github.com/PRASSamin/prasmoid/internal/runtime/process.go:115.76,117.3 1 0
github.com/PRASSamin/prasmoid/internal/runtime/process.go:117.17,119.3 1 0
github.com/PRASSamin/prasmoid/internal/runtime/process.go:122.2,129.51 4 1
github.com/PRASSamin/prasmoid/internal/runtime/process.go:129.51,131.3 1 0
github.com/PRASSamin/prasmoid/internal/runtime/process.go:135.2,135.73 1 1
github.com/PRASSamin/prasmoid/internal/runtime/process.go:135.73,136.50 1 1
github.com/PRASSamin/prasmoid/internal/runtime/process.go:136.50,138.4 1 0
github.com/PRASSamin/prasmoid/internal/runtime/process.go:141.2,150.35 2 1
github.com/PRASSamin/prasmoid/internal/runtime/process.go:150.35,151.66 1 1
github.com/PRASSamin/prasmoid/internal/runtime/process.go:151.66,153.4 1 0
github.com/PRASSamin/prasmoid/internal/runtime/process.go:159.44,173.33 3 1
github.com/PRASSamin/prasmoid/internal/runtime/process.go:173.33,176.3 2 1
github.com/PRASSamin/prasmoid/internal/runtime/process.go:178.2,178.32 1 1
github.com/PRASSamin/prasmoid/internal/runtime/process.go:178.32,180.42 2 1
github.com/PRASSamin/prasmoid/internal/runtime/process.go:180.42,182.4 1 0
github.com/PRASSamin/prasmoid/internal/runtime/process.go:185.2,185.13 1 1
github.com/PRASSamin/prasmoid/internal/runtime/process.go:188.61,191.29 3 0
github.com/PRASSamin/prasmoid/internal/runtime/process.go:191.29,193.43 2 0
github.com/PRASSamin/prasmoid/internal/runtime/process.go:193.43,195.23 2 0
github.com/PRASSamin/prasmoid/internal/runtime/process.go:195.23,199.5 3 0
github.com/PRASSamin/prasmoid/utils/main.go:21.22,23.16 2 0
github.com/PRASSamin/prasmoid/utils/main.go:23.16,25.3 1 0
github.com/PRASSamin/prasmoid/utils/main.go:26.2,27.19 2 0
github.com/PRASSamin/prasmoid/utils/main.go:31.35,34.16 2 1
github.com/PRASSamin/prasmoid/utils/main.go:34.16,36.3 1 0
github.com/PRASSamin/prasmoid/utils/main.go:37.2,37.92 1 1
github.com/PRASSamin/prasmoid/utils/main.go:41.59,45.16 3 1
github.com/PRASSamin/prasmoid/utils/main.go:45.16,47.3 1 0
github.com/PRASSamin/prasmoid/utils/main.go:49.2,50.52 2 1
github.com/PRASSamin/prasmoid/utils/main.go:50.52,52.3 1 0
github.com/PRASSamin/prasmoid/utils/main.go:54.2,55.9 2 1
github.com/PRASSamin/prasmoid/utils/main.go:55.9,57.3 1 0
github.com/PRASSamin/prasmoid/utils/main.go:59.2,60.9 2 1
github.com/PRASSamin/prasmoid/utils/main.go:60.9,62.3 1 0
github.com/PRASSamin/prasmoid/utils/main.go:64.2,65.9 2 1
github.com/PRASSamin/prasmoid/utils/main.go:65.9,67.3 1 1
github.com/PRASSamin/prasmoid/utils/main.go:69.2,69.19 1 1
github.com/PRASSamin/prasmoid/utils/main.go:73.42,75.16 2 1
github.com/PRASSamin/prasmoid/utils/main.go:75.16,77.3 1 0
github.com/PRASSamin/prasmoid/utils/main.go:80.2,81.45 2 1
github.com/PRASSamin/prasmoid/utils/main.go:81.45,83.3 1 1
github.com/PRASSamin/prasmoid/utils/main.go:86.2,87.47 2 1
github.com/PRASSamin/prasmoid/utils/main.go:87.47,89.3 1 0
github.com/PRASSamin/prasmoid/utils/main.go:91.2,91.29 1 1
github.com/PRASSamin/prasmoid/utils/main.go:95.43,98.2 2 1
github.com/PRASSamin/prasmoid/utils/main.go:113.80,115.25 2 1
github.com/PRASSamin/prasmoid/utils/main.go:115.25,117.3 1 0
github.com/PRASSamin/prasmoid/utils/main.go:119.2,123.16 3 1
github.com/PRASSamin/prasmoid/utils/main.go:123.16,125.3 1 0
github.com/PRASSamin/prasmoid/utils/main.go:128.2,129.52 2 1
github.com/PRASSamin/prasmoid/utils/main.go:129.52,131.3 1 0
github.com/PRASSamin/prasmoid/utils/main.go:134.2,134.20 1 1
github.com/PRASSamin/prasmoid/utils/main.go:134.20,136.3 1 0
github.com/PRASSamin/prasmoid/utils/main.go:136.8,139.10 2 1
github.com/PRASSamin/prasmoid/utils/main.go:139.10,142.4 2 0
github.com/PRASSamin/prasmoid/utils/main.go:143.3,143.26 1 1
github.com/PRASSamin/prasmoid/utils/main.go:146.2,147.16 2 1
github.com/PRASSamin/prasmoid/utils/main.go:147.16,149.3 1 0
github.com/PRASSamin/prasmoid/utils/main.go:150.2,150.15 1 1
github.com/PRASSamin/prasmoid/utils/main.go:150.15,151.38 1 1
github.com/PRASSamin/prasmoid/utils/main.go:151.38,155.4 1 0
github.com/PRASSamin/prasmoid/utils/main.go:158.2,162.45 4 1
github.com/PRASSamin/prasmoid/utils/main.go:162.45,164.3 1 0
github.com/PRASSamin/prasmoid/utils/main.go:166.2,166.12 1 1
github.com/PRASSamin/prasmoid/utils/main.go:177.45,178.51 1 1
github.com/PRASSamin/prasmoid/utils/main.go:178.51,180.17 2 1
github.com/PRASSamin/prasmoid/utils/main.go:180.17,182.4 1 1
github.com/PRASSamin/prasmoid/utils/main.go:184.2,184.92 1 0
github.com/PRASSamin/prasmoid/utils/main.go:187.35,198.46 4 0
github.com/PRASSamin/prasmoid/utils/main.go:198.46,199.27 1 0
github.com/PRASSamin/prasmoid/utils/main.go:199.27,200.22 1 0
github.com/PRASSamin/prasmoid/utils/main.go:200.22,201.60 1 0
github.com/PRASSamin/prasmoid/utils/main.go:201.60,203.6 1 0
github.com/PRASSamin/prasmoid/utils/main.go:208.2,208.78 1 0
github.com/PRASSamin/prasmoid/utils/main.go:211.75,213.16 2 0
github.com/PRASSamin/prasmoid/utils/main.go:213.16,215.3 1 0
github.com/PRASSamin/prasmoid/utils/main.go:217.2,218.9 2 0
github.com/PRASSamin/prasmoid/utils/main.go:218.9,220.3 1 0
github.com/PRASSamin/prasmoid/utils/main.go:222.2,223.12 2 0
github.com/PRASSamin/prasmoid/utils/main.go:224.13,225.48 1 0
github.com/PRASSamin/prasmoid/utils/main.go:226.16,227.69 1 0
github.com/PRASSamin/prasmoid/utils/main.go:228.10,229.59 1 0
github.com/PRASSamin/prasmoid/utils/main.go:232.2,235.34 3 0
github.com/PRASSamin/prasmoid/utils/main.go:235.34,237.3 1 0
github.com/PRASSamin/prasmoid/utils/main.go:239.2,239.61 1 0
github.com/PRASSamin/prasmoid/utils/main.go:239.61,241.3 1 0
github.com/PRASSamin/prasmoid/utils/main.go:243.2,244.12 2 0
github.com/PRASSamin/prasmoid/utils/main.go:248.56,249.50 1 0
github.com/PRASSamin/prasmoid/utils/main.go:249.50,251.3 1 0
github.com/PRASSamin/prasmoid/utils/main.go:253.2,256.16 4 0
github.com/PRASSamin/prasmoid/utils/main.go:256.16,258.3 1 0
github.com/PRASSamin/prasmoid/utils/main.go:260.2,261.16 2 0
github.com/PRASSamin/prasmoid/utils/main.go:261.16,263.3 1 0
github.com/PRASSamin/prasmoid/utils/main.go:265.2,266.42 2 0
github.com/PRASSamin/prasmoid/utils/main.go:266.42,269.3 2 0
github.com/PRASSamin/prasmoid/utils/main.go:271.2,271.47 1 0
github.com/PRASSamin/prasmoid/utils/main.go:271.47,273.3 1 0
github.com/PRASSamin/prasmoid/utils/main.go:275.2,275.12 1 0
github.com/PRASSamin/prasmoid/utils/main.go:278.40,280.2 1 0
github.com/PRASSamin/prasmoid/utils/main.go:282.46,284.2 1 0
github.com/PRASSamin/prasmoid/utils/main.go:286.34,288.16 2 1
github.com/PRASSamin/prasmoid/utils/main.go:288.16,290.3 1 0
github.com/PRASSamin/prasmoid/utils/main.go:292.2,292.64 1 1
github.com/PRASSamin/prasmoid/utils/main.go:292.64,294.46 2 0
github.com/PRASSamin/prasmoid/utils/main.go:294.46,296.4 1 0
github.com/PRASSamin/prasmoid/utils/main.go:299.2,299.70 1 1
github.com/PRASSamin/prasmoid/utils/main.go:299.70,301.52 2 0
github.com/PRASSamin/prasmoid/utils/main.go:301.52,303.4 1 0
github.com/PRASSamin/prasmoid/utils/main.go:306.2,306.62 1 1
github.com/PRASSamin/prasmoid/utils/main.go:306.62,308.108 2 0
github.com/PRASSamin/prasmoid/utils/main.go:308.108,310.4 1 0
github.com/PRASSamin/prasmoid/utils/main.go:313.2,313.59 1 1
github.com/PRASSamin/prasmoid/utils/main.go:313.59,315.102 2 0
github.com/PRASSamin/prasmoid/utils/main.go:315.102,317.4 1 0
github.com/PRASSamin/prasmoid/utils/main.go:320.2,320.12 1 1
github.com/PRASSamin/prasmoid/utils/main.go:323.29,324.60 1 1
github.com/PRASSamin/prasmoid/utils/main.go:324.60,326.3 1 1
github.com/PRASSamin/prasmoid/utils/main.go:327.2,327.55 1 1
github.com/PRASSamin/prasmoid/utils/main.go:327.55,329.3 1 0
github.com/PRASSamin/prasmoid/utils/main.go:330.2,330.13 1 1
github.com/PRASSamin/prasmoid/utils/main.go:333.86,334.16 1 1
github.com/PRASSamin/prasmoid/utils/main.go:334.16,336.3 1 1
github.com/PRASSamin/prasmoid/utils/main.go:337.2,338.9 2 1
github.com/PRASSamin/prasmoid/utils/main.go:338.9,340.3 1 0
github.com/PRASSamin/prasmoid/utils/main.go:341.2,341.17 1 1
github.com/PRASSamin/prasmoid/utils/main.go:344.34,345.24 1 1
github.com/PRASSamin/prasmoid/utils/main.go:345.24,347.3 1 1
github.com/PRASSamin/prasmoid/utils/main.go:348.2,360.16 4 1
github.com/PRASSamin/prasmoid/utils/main.go:360.16,364.3 2 1
github.com/PRASSamin/prasmoid/utils/main.go:365.2,367.16 3 1
github.com/PRASSamin/prasmoid/utils/main.go:367.16,371.3 2 0
github.com/PRASSamin/prasmoid/utils/main.go:372.2,373.19 2 1
github.com/PRASSamin/prasmoid/utils/main.go:373.19,377.3 2 0
github.com/PRASSamin/prasmoid/utils/main.go:380.2,381.16 2 1
github.com/PRASSamin/prasmoid/utils/main.go:381.16,384.3 2 0
github.com/PRASSamin/prasmoid/utils/main.go:387.2,388.61 2 1
github.com/PRASSamin/prasmoid/utils/main.go:388.61,392.3 2 0
github.com/PRASSamin/prasmoid/utils/main.go:394.2,394.15 1 1
github.com/PRASSamin/prasmoid/utils/main.go:397.57,399.29 2 0
github.com/PRASSamin/prasmoid/utils/main.go:399.29,401.3 1 0
github.com/PRASSamin/prasmoid/utils/main.go:401.8,403.3 1 0
github.com/PRASSamin/prasmoid/utils/main.go:406.2,407.44 2 0
github.com/PRASSamin/prasmoid/utils/main.go:407.44,409.3 1 0
github.com/PRASSamin/prasmoid/utils/main.go:410.2,414.32 3 0
github.com/PRASSamin/prasmoid/utils/main.go:414.32,415.46 1 0
github.com/PRASSamin/prasmoid/utils/main.go:415.46,417.4 1 0
github.com/PRASSamin/prasmoid/utils/main.go:420.2,428.111 3 0
github.com/PRASSamin/prasmoid/utils/main.go:428.111,430.10 2 0
github.com/PRASSamin/prasmoid/utils/main.go:430.10,432.4 1 0
github.com/PRASSamin/prasmoid/utils/main.go:433.3,433.25 1 0
github.com/PRASSamin/prasmoid/utils/main.go:433.25,435.4 1 0
github.com/PRASSamin/prasmoid/utils/main.go:436.3,436.13 1 0
github.com/PRASSamin/prasmoid/utils/main.go:437.18,439.3 1 0
github.com/PRASSamin/prasmoid/utils/main.go:442.2,443.41 2 0
github.com/PRASSamin/prasmoid/utils/main.go:443.41,444.60 1 0
github.com/PRASSamin/prasmoid/utils/main.go:444.60,446.4 1 0
github.com/PRASSamin/prasmoid/utils/main.go:449.2,449.16 1 0
